
Log started (V12.7.0.0) Mon Feb  6 15:24:53 2017


Problem 'test.lp' read.
Read time = 0.13 sec. (3.34 ticks)
Found incumbent of value 99.000000 after 0.02 sec. (2.24 ticks)
Tried aggregator 2 times.
MIP Presolve eliminated 200 rows and 200 columns.
MIP Presolve modified 29500 coefficients.
Aggregator did 200 substitutions.
Reduced MIP has 29753 rows, 29501 columns, and 79007 nonzeros.
Reduced MIP has 29300 binaries, 201 generals, 0 SOSs, and 0 indicators.
Presolve time = 0.17 sec. (59.40 ticks)
Probing time = 0.19 sec. (12.35 ticks)
Tried aggregator 1 time.
Reduced MIP has 29753 rows, 29501 columns, and 79007 nonzeros.
Reduced MIP has 29300 binaries, 201 generals, 0 SOSs, and 0 indicators.
Presolve time = 0.07 sec. (37.67 ticks)
Probing time = 0.12 sec. (10.81 ticks)
Clique table members: 69055.
MIP emphasis: balance optimality and feasibility.
MIP search method: dynamic search.
Parallel mode: deterministic, using up to 4 threads.
Root relaxation solution time = 0.78 sec. (510.16 ticks)

        Nodes                                         Cuts/
   Node  Left     Objective  IInf  Best Integer    Best Bound    ItCnt     Gap

*     0+    0                           99.0000        0.0000           100.00%
      0     0        0.0000  2778       99.0000        0.0000       12  100.00%
*     0+    0                           84.0000        0.0000           100.00%
      0     0        0.0000  1193       84.0000    Cuts: 7538     2720  100.00%
      0     0        0.0000  2105       84.0000    Cuts: 3390     5051  100.00%
      0     0        0.0000  1457       84.0000    Cuts: 1693     6914  100.00%
*     0+    0                           82.0000        0.0000           100.00%
*     0+    0                           36.0000        0.0000           100.00%
      0     0        0.0000  2257       36.0000    Cuts: 2618     9516  100.00%
*     0+    0                           23.0000        0.0000           100.00%
*     0+    0                           22.0000        0.0000           100.00%
      0     2        0.0000   946       22.0000        0.0000     9516  100.00%
Elapsed time = 24.30 sec. (5999.79 ticks, tree = 0.01 MB, solutions = 6)
      3     5        0.0000   579       22.0000        0.0000    10877  100.00%
*     4+    2                           21.0000        0.0000           100.00%
      6     7        0.0000   723       21.0000        0.0000    11879  100.00%
     10     9        0.0000  1457       21.0000        0.0000    13474  100.00%
     15    10        0.0000  1272       21.0000        0.0000    13811  100.00%
     18    17        0.0000  1538       21.0000        0.0000    21763  100.00%
     39    33        0.0000   772       21.0000        0.0000    27305  100.00%
     71    43        0.0000  1027       21.0000        0.0000    28670  100.00%
     90    80        0.0000  1203       21.0000        0.0000    31603  100.00%
     98    56        0.0000  1035       21.0000        0.0000    32410  100.00%
    170   132        0.0000   687       21.0000        0.0000    45686  100.00%
Elapsed time = 39.29 sec. (9423.67 ticks, tree = 16.64 MB, solutions = 8)
    225   197        0.0351   546       21.0000        0.0000    57369  100.00%
    302   245        0.0392   607       21.0000        0.0000    62933  100.00%
    421   330        4.0000   222       21.0000        0.0000    76694  100.00%
    516   413        5.0400   209       21.0000        0.0000    86330  100.00%
    602   488        1.0000   298       21.0000        0.0000    93496  100.00%
    665   560        2.0000   326       21.0000        0.0000   104882  100.00%
    762   616        6.0000   232       21.0000        0.0000   112048  100.00%
    875   703       14.0598   224       21.0000        0.0000   126822  100.00%
   1010   827       11.0000   148       21.0000        0.0000   137670  100.00%
   1168   924        0.0000   397       21.0000        0.0000   143903  100.00%
Elapsed time = 73.23 sec. (19086.31 ticks, tree = 30.32 MB, solutions = 8)
   1269  1060        8.0000   236       21.0000        0.0000   155685  100.00%
   1336  1128       10.0000   196       21.0000        0.0000   165733  100.00%
   1452  1189        2.0000   405       21.0000        0.0000   177694  100.00%
   1578  1296        6.0377   397       21.0000        0.0000   191806  100.00%
   1698  1411       16.0000   112       21.0000        0.0000   198245  100.00%
   1801  1526       19.0000   248       21.0000        0.0000   215586  100.00%
   1927  1612       12.0000   254       21.0000        0.0000   228546  100.00%
   2036  1731       16.0392   387       21.0000        0.0000   243165  100.00%
   2178  1777       10.0000   266       21.0000        0.0000   249294  100.00%
   2324  1930       11.0000   284       21.0000        0.0000   266351  100.00%
Elapsed time = 106.36 sec. (28738.07 ticks, tree = 43.49 MB, solutions = 8)
   2449  2005        1.0000   449       21.0000        0.0000   277263  100.00%
*  2485+ 1434                           20.0000        0.0000           100.00%
*  2485+  956                           19.0000        0.0000           100.00%
   2485   957        0.0000   641       19.0000        0.0000   315925  100.00%
   2486   957        0.0000   999       19.0000        0.0000   318416  100.00%
*  2487+  637                           18.0000        0.0000           100.00%
*  2487+  425                           17.0000        0.0000           100.00%
   2489   428        0.0000   302       17.0000        0.0000   320447  100.00%
   2494   429        0.0000   565       17.0000        0.0000   322347  100.00%
   2499   357        2.0000   635       17.0000        0.0000   327098  100.00%
   2504   288        2.0000   397       17.0000        0.0000   333078  100.00%
   2508   289        0.0000   546       17.0000        0.0000   328212  100.00%
   2520   174        5.0000   455       17.0000        0.0000   338977  100.00%
   2530   128        5.0000   485       17.0000        0.0000   339591  100.00%
Elapsed time = 198.25 sec. (54223.50 ticks, tree = 3.18 MB, solutions = 14)
   2534   131        5.0000   446       17.0000        0.0000   340352  100.00%
   2544    79        5.0000   382       17.0000        0.0000   340898  100.00%
   2567    70        1.0000   448       17.0000        0.0000   341211  100.00%
   2588    83        0.0000   554       17.0000        0.0000   343925  100.00%
   2601    85        1.0000   627       17.0000        0.0000   344784  100.00%
   2622   113        1.0000   637       17.0000        0.0000   347446  100.00%
   2639   127        5.0000   529       17.0000        0.0000   350589  100.00%
   2661   140        2.0000   465       17.0000        0.0000   351550  100.00%
   2679   146        2.0000   554       17.0000        0.0000   353486  100.00%
   2706   162        6.0000   678       17.0000        0.0000   354396  100.00%
Elapsed time = 239.57 sec. (64210.94 ticks, tree = 2.31 MB, solutions = 14)
   2752   220        3.0238   490       17.0000        0.0000   360875  100.00%
   2781   227        4.0238   510       17.0000        0.0000   361683  100.00%
*  2803+  234                           15.0000        0.0000           100.00%
   2820   289        5.0238   269       15.0000        0.0000   368148  100.00%
   2855   297        4.0000   490       15.0000        0.0000   371525  100.00%
   2890   302        4.0641   517       15.0000        0.0000   373710  100.00%
   2934   323        6.0000   401       15.0000        0.0000   375672  100.00%
   2979   370        4.1051   587       15.0000        0.0000   385854  100.00%
*  3012+  372                           14.0000        0.0000           100.00%
   3020   390        8.1188   449       14.0000        0.0000   390350  100.00%
   3067   422        6.0000   422       14.0000        0.0000   397061  100.00%
   3099   437       11.0000   379       14.0000        0.0000   399913  100.00%
Elapsed time = 278.87 sec. (74288.84 ticks, tree = 6.22 MB, solutions = 17)
   3160   473        9.0000   593       14.0000        0.0000   406280  100.00%
   3206   485       10.0000   645       14.0000        0.0000   409040  100.00%
*  3224+  460                           13.0000        0.0000           100.00%
   3237   588       12.0000   224       13.0000        0.0000   425718  100.00%
   3264   534       11.0000   508       13.0000        0.0000   420161  100.00%
*  3286+  579                           12.0000        0.0000           100.00%
   3319   580       11.0000   567       12.0000        0.0000   434305  100.00%
   3379   577        0.0241   333       12.0000        0.0000   432977  100.00%
   3436   618        1.0695   631       12.0000        0.0000   442330  100.00%
   3496   709        6.0000   295       12.0000        0.0000   449571  100.00%
   3586   725        6.0482   328       12.0000        0.0000   451475  100.00%
   3669   779        8.0000   233       12.0000        0.0000   461599  100.00%
Elapsed time = 312.18 sec. (83957.87 ticks, tree = 13.07 MB, solutions = 19)
   3738   894        2.0000   280       12.0000        0.0000   476464  100.00%
   3784   941       10.0000   400       12.0000        0.0000   481464  100.00%
   3847   968        3.0000   304       12.0000        0.0000   484219  100.00%
   3922  1025        5.0000   345       12.0000        0.0000   489487  100.00%
   3990  1053        2.0000   481       12.0000        0.0000   491509  100.00%
   4045  1070       10.0000   256       12.0000        0.0000   500771  100.00%
   4116  1157        4.0000   684       12.0000        0.0000   505448  100.00%
   4179  1219        5.0000   509       12.0000        0.0000   516098  100.00%
   4238  1261        6.0471   350       12.0000        0.0000   521775  100.00%
   4338  1279        8.0964   269       12.0000        0.0000   525205  100.00%
Elapsed time = 349.55 sec. (93633.08 ticks, tree = 19.44 MB, solutions = 19)
   4426  1424        4.0000   294       12.0000        0.0000   538204  100.00%
   4526  1454        7.0000   296       12.0000        0.0000   540245  100.00%
   4627  1501        8.0000   331       12.0000        0.0000   545848  100.00%
   4695  1507        1.0000   455       12.0000        0.0000   547981  100.00%
   4762  1634       11.0000   434       12.0000        0.0000   558505  100.00%
   4855  1715       11.0000   330       12.0000        0.0000   568544  100.00%
   4937  1774        2.0000   390       12.0000        0.0000   571408  100.00%

GUB cover cuts applied:  8
Clique cuts applied:  513
Cover cuts applied:  64
Flow cuts applied:  31
Mixed integer rounding cuts applied:  36
Zero-half cuts applied:  6
Gomory fractional cuts applied:  1

Root node processing (before b&c):
  Real time             =   23.54 sec. (5861.57 ticks)
Parallel b&c, 4 threads:
  Real time             =  347.49 sec. (95270.10 ticks)
  Sync time (average)   =   55.09 sec.
  Wait time (average)   =    0.03 sec.
                          ------------
Total (root+branch&cut) =  371.03 sec. (101131.67 ticks)

Solution pool: 20 solutions saved.

MIP - Aborted, integer feasible:  Objective =  1.2000000000e+01
Current MIP best bound =  0.0000000000e+00 (gap = 12, 100.00%)
Solution time =  371.03 sec.  Iterations = 585738  Nodes = 4973 (1888)
Deterministic time = 101131.76 ticks  (272.57 ticks/sec)


Problem 'test2.lp' read.
Read time = 0.00 sec. (0.02 ticks)
Found incumbent of value 7.000000 after 0.00 sec. (0.02 ticks)
Tried aggregator 2 times.
MIP Presolve eliminated 8 rows and 8 columns.
MIP Presolve modified 160 coefficients.
Aggregator did 8 substitutions.
Reduced MIP has 199 rows, 169 columns, and 495 nonzeros.
Reduced MIP has 152 binaries, 17 generals, 0 SOSs, and 0 indicators.
Presolve time = 0.00 sec. (0.41 ticks)
Probing time = 0.00 sec. (0.41 ticks)
Tried aggregator 1 time.
Reduced MIP has 199 rows, 169 columns, and 495 nonzeros.
Reduced MIP has 152 binaries, 17 generals, 0 SOSs, and 0 indicators.
Presolve time = 0.00 sec. (0.26 ticks)
Probing time = 0.00 sec. (0.40 ticks)
Clique table members: 476.
MIP emphasis: balance optimality and feasibility.
MIP search method: dynamic search.
Parallel mode: deterministic, using up to 4 threads.
Root relaxation solution time = 0.00 sec. (0.72 ticks)

        Nodes                                         Cuts/
   Node  Left     Objective  IInf  Best Integer    Best Bound    ItCnt     Gap

*     0+    0                            7.0000        0.0000           100.00%
      0     0        0.0000    20        7.0000        0.0000       67  100.00%
      0     0        0.0000    67        7.0000      Cuts: 81      152  100.00%
      0     0        0.0000    38        7.0000      Cuts: 20      186  100.00%
      0     0        0.0000    71        7.0000      Cuts: 62      233  100.00%
*     0+    0                            6.0000        0.0000           100.00%
*     0+    0                            4.0000        0.0000           100.00%
*     0+    0                            0.0000        0.0000             0.00%
      0     0        cutoff              0.0000        0.0000      233    0.00%
Elapsed time = 0.06 sec. (23.34 ticks, tree = 0.01 MB, solutions = 4)

Clique cuts applied:  9
Cover cuts applied:  3
Implied bound cuts applied:  16
Zero-half cuts applied:  1
Gomory fractional cuts applied:  3

Root node processing (before b&c):
  Real time             =    0.06 sec. (23.36 ticks)
Parallel b&c, 4 threads:
  Real time             =    0.00 sec. (0.00 ticks)
  Sync time (average)   =    0.00 sec.
  Wait time (average)   =    0.00 sec.
                          ------------
Total (root+branch&cut) =    0.06 sec. (23.36 ticks)

Solution pool: 4 solutions saved.

MIP - Integer optimal solution:  Objective =  0.0000000000e+00
Solution time =    0.06 sec.  Iterations = 233  Nodes = 0
Deterministic time = 23.36 ticks  (366.60 ticks/sec)


Log started (V12.7.0.0) Mon Feb  6 15:39:27 2017


Problem 'test2.lp' read.
Read time = 0.01 sec. (0.02 ticks)
Found incumbent of value 7.000000 after 0.00 sec. (0.02 ticks)
Tried aggregator 2 times.
MIP Presolve eliminated 16 rows and 16 columns.
MIP Presolve modified 152 coefficients.
Aggregator did 16 substitutions.
Reduced MIP has 183 rows, 153 columns, and 455 nonzeros.
Reduced MIP has 136 binaries, 17 generals, 0 SOSs, and 0 indicators.
Presolve time = 0.00 sec. (0.42 ticks)
Probing time = 0.00 sec. (0.34 ticks)
Tried aggregator 1 time.
Reduced MIP has 183 rows, 153 columns, and 455 nonzeros.
Reduced MIP has 136 binaries, 17 generals, 0 SOSs, and 0 indicators.
Presolve time = 0.00 sec. (0.24 ticks)
Probing time = 0.00 sec. (0.34 ticks)
Clique table members: 436.
MIP emphasis: balance optimality and feasibility.
MIP search method: dynamic search.
Parallel mode: deterministic, using up to 4 threads.
Root relaxation solution time = 0.00 sec. (0.61 ticks)

        Nodes                                         Cuts/
   Node  Left     Objective  IInf  Best Integer    Best Bound    ItCnt     Gap

*     0+    0                            7.0000        0.0000           100.00%
      0     0        0.0000    14        7.0000        0.0000       61  100.00%
      0     0        0.0000    72        7.0000      Cuts: 96      149  100.00%
      0     0        0.0000    21        7.0000      Cuts: 31      174  100.00%
      0     0        0.0000    20        7.0000      Cuts: 48      242  100.00%
*     0+    0                            5.0000        0.0000           100.00%
*     0+    0                            4.0000        0.0000           100.00%
      0     2        2.0000    38        4.0000        0.6763      242   83.09%
Elapsed time = 0.09 sec. (22.82 ticks, tree = 0.01 MB, solutions = 3)

Clique cuts applied:  56
Cover cuts applied:  7
Implied bound cuts applied:  27
Zero-half cuts applied:  3
Gomory fractional cuts applied:  3

Root node processing (before b&c):
  Real time             =    0.09 sec. (22.71 ticks)
Parallel b&c, 4 threads:
  Real time             =    0.01 sec. (5.12 ticks)
  Sync time (average)   =    0.01 sec.
  Wait time (average)   =    0.00 sec.
                          ------------
Total (root+branch&cut) =    0.10 sec. (27.84 ticks)

Solution pool: 4 solutions saved.

MIP - Integer optimal solution:  Objective =  4.0000000000e+00
Solution time =    0.10 sec.  Iterations = 720  Nodes = 38
Deterministic time = 27.84 ticks  (277.69 ticks/sec)


Log started (V12.7.0.0) Wed Feb  8 21:20:44 2017

File './TestGraphs/RandomSize15/Graph2.lp' not found.
No file read.

Problem './TestGraphs/RandomSize15/graph2.lp' read.
Read time = 0.02 sec. (0.07 ticks)
Found incumbent of value 14.000000 after 0.01 sec. (0.06 ticks)
Tried aggregator 2 times.
MIP Presolve eliminated 30 rows and 30 columns.
MIP Presolve modified 600 coefficients.
Aggregator did 30 substitutions.
Reduced MIP has 699 rows, 601 columns, and 1774 nonzeros.
Reduced MIP has 570 binaries, 31 generals, 0 SOSs, and 0 indicators.
Presolve time = 0.01 sec. (1.67 ticks)
Probing time = 0.01 sec. (2.59 ticks)
Tried aggregator 1 time.
Reduced MIP has 699 rows, 601 columns, and 1774 nonzeros.
Reduced MIP has 570 binaries, 31 generals, 0 SOSs, and 0 indicators.
Presolve time = 0.01 sec. (1.03 ticks)
Probing time = 0.01 sec. (2.56 ticks)
Clique table members: 1562.
MIP emphasis: balance optimality and feasibility.
MIP search method: dynamic search.
Parallel mode: deterministic, using up to 4 threads.
Root relaxation solution time = 0.01 sec. (3.99 ticks)

        Nodes                                         Cuts/
   Node  Left     Objective  IInf  Best Integer    Best Bound    ItCnt     Gap

*     0+    0                           14.0000        0.0000           100.00%
      0     0        0.0000    28       14.0000        0.0000      203  100.00%
      0     0        0.0000   120       14.0000     Cuts: 196      328  100.00%
      0     0        0.0000   120       14.0000     Cuts: 126      543  100.00%
*     0+    0                           11.0000        0.0000           100.00%
*     0+    0                            9.0000        0.0000           100.00%
      0     2        0.0000    80        9.0000        0.0000      543  100.00%
Elapsed time = 0.24 sec. (83.83 ticks, tree = 0.01 MB, solutions = 3)
   1034   673        1.0000    32        9.0000        0.0000    21060  100.00%
   2349  1511        0.1056   123        9.0000        0.0000    43307  100.00%
*  2547+ 1129                            8.0000        0.0000           100.00%
   2547  1130        0.0000    46        8.0000        0.0000    49445  100.00%
   2790   148        6.0000    16        8.0000        0.0000    56219  100.00%
   3357   430        3.0000    32        8.0000        0.0000    68062  100.00%
   3633   627        3.0000   120        8.0000        0.0000    89726  100.00%
   3821   778        1.4958   243        8.0000        0.0000   105227  100.00%
   3940   865        cutoff              8.0000        0.0000   115581  100.00%
   4240  1081        4.0433    95        8.0000        0.2228   134697   97.22%
   5343  1757        1.9648   262        8.0000        0.5016   201604   93.73%
Elapsed time = 9.59 sec. (3886.53 ticks, tree = 1.08 MB, solutions = 4)
   6398  2319        6.0000    66        8.0000        0.9535   274376   88.08%
   7241  2837        6.0000    62        8.0000        1.0000   338463   87.50%
   8529  3762        6.0000   108        8.0000        1.0000   405688   87.50%
   9247  4336        4.0232   172        8.0000        1.0000   462753   87.50%
  10730  5311        cutoff              8.0000        1.1162   545771   86.05%
  11711  6012        1.7665   234        8.0000        1.2501   618400   84.37%
  12789  6650        1.9703   295        8.0000        1.3519   684940   83.10%
  13736  7254        1.8957   194        8.0000        1.4072   751345   82.41%
  14533  7654        1.9094   224        8.0000        1.5407   806773   80.74%
  15331  8080        3.5000   153        8.0000        1.6048   875384   79.94%
Elapsed time = 35.85 sec. (13435.25 ticks, tree = 4.95 MB, solutions = 4)
  16156  8566        2.0033   161        8.0000        1.6447   940848   79.44%
  17043  8992        2.3760   190        8.0000        1.7246  1014907   78.44%
  17785  9479        6.2069    52        8.0000        1.8159  1074007   77.30%
  19131  9922        5.9283   119        8.0000        1.8518  1121085   76.85%
  20056 10634        2.0596   216        8.0000        1.9064  1191614   76.17%
  21069 11227        5.0479   208        8.0000        1.9670  1270204   75.41%
  21997 11838        4.4369   154        8.0000        2.0000  1348326   75.00%
  22972 12194        5.1587   168        8.0000        2.0000  1402451   75.00%
  23683 12740        2.5294   271        8.0000        2.0000  1483518   75.00%
  24631 13135        2.6226   137        8.0000        2.0000  1538641   75.00%
Elapsed time = 61.07 sec. (22979.14 ticks, tree = 8.28 MB, solutions = 4)
  25664 13647        5.0000    78        8.0000        2.0211  1605008   74.74%
  26544 14326        5.6019   123        8.0000        2.0452  1677175   74.44%
  27637 14913        2.7404   261        8.0000        2.0843  1738413   73.95%
  28450 15286        7.0000    14        8.0000        2.1054  1788031   73.68%
  29789 15864        4.5016   157        8.0000        2.1291  1838155   73.39%
  30908 16648        4.2317   215        8.0000        2.1457  1913507   73.18%
  31795 17330        6.9487    89        8.0000        2.1831  2006548   72.71%
  32723 17695        cutoff              8.0000        2.2140  2058934   72.33%
  33990 18406        2.5027   164        8.0000        2.2352  2121842   72.06%
  35487 19304        cutoff              8.0000        2.2533  2178896   71.83%
Elapsed time = 88.58 sec. (32521.71 ticks, tree = 12.32 MB, solutions = 4)
  36553 20029        5.3429   112        8.0000        2.2936  2262956   71.33%
  37649 20649    infeasible              8.0000        2.3126  2325460   71.09%
  38456 21153        3.9981   204        8.0000        2.3333  2365956   70.83%
  39677 21728        5.9640   121        8.0000        2.3428  2435924   70.72%
  40710 22384        4.2184   155        8.0000        2.3770  2503790   70.29%
  41698 22767        5.3413   112        8.0000        2.3931  2553874   70.09%
  42904 23428        7.0000    91        8.0000        2.4124  2636722   69.85%
  43993 23932        2.6776   138        8.0000        2.4327  2696913   69.59%
  45011 24537        3.4268   142        8.0000        2.4500  2770652   69.38%
  45940 24859        3.9725   172        8.0000        2.4686  2817251   69.14%
Elapsed time = 118.81 sec. (42075.33 ticks, tree = 15.34 MB, solutions = 4)
  46960 25406        5.6436   111        8.0000        2.4834  2908444   68.96%
  47910 25756        3.0000   170        8.0000        2.4930  2958065   68.84%
  48956 26211        2.7500    58        8.0000        2.5103  3020154   68.62%
  49905 26610        cutoff              8.0000        2.5217  3101190   68.48%
  50771 26895        3.5169   146        8.0000        2.5333  3162686   68.33%
  51815 27129        cutoff              8.0000        2.5455  3219340   68.18%
  52829 27686    infeasible              8.0000        2.5595  3310614   68.01%
  53776 27963        5.5791   137        8.0000        2.5714  3353915   67.86%
  54351 28165        cutoff              8.0000        2.5800  3397224   67.75%
  55356 28483        5.4659    68        8.0000        2.5974  3483855   67.53%
Elapsed time = 152.52 sec. (51619.58 ticks, tree = 19.60 MB, solutions = 4)
  56289 28766        7.0000    91        8.0000        2.6000  3554040   67.50%
  57051 28990        cutoff              8.0000        2.6145  3607612   67.32%
  58118 29297        4.7649   183        8.0000        2.6316  3662429   67.11%
  59230 29593        cutoff              8.0000        2.6401  3748346   67.00%
  60272 29877    infeasible              8.0000        2.6568  3844521   66.79%
  61180 30106        4.2977   151        8.0000        2.6667  3911915   66.67%
  62074 30308        3.7770   245        8.0000        2.6743  3988693   66.57%
  63010 30552        cutoff              8.0000        2.6875  4042095   66.41%
  63892 30971        4.4046   201        8.0000        2.7003  4102573   66.25%
  64761 31315        5.1224    86        8.0000        2.7169  4165427   66.04%
Elapsed time = 184.98 sec. (61164.59 ticks, tree = 21.56 MB, solutions = 4)
  65785 31921        3.3171    85        8.0000        2.7282  4241554   65.90%
  66748 32294        4.0331   222        8.0000        2.7375  4290750   65.78%
  67631 32697        3.7421   194        8.0000        2.7530  4347988   65.59%
  68624 33356        cutoff              8.0000        2.7692  4430799   65.38%
  69601 33707        5.0071   188        8.0000        2.7846  4483789   65.19%
  70496 34127        4.9677   133        8.0000        2.8000  4528664   65.00%
  71491 34754        4.2308   255        8.0000        2.8164  4609905   64.79%
  72270 35288        4.4566   142        8.0000        2.8324  4677064   64.60%
  73174 35711        4.6156   154        8.0000        2.8463  4724887   64.42%
  74083 36227        3.5502   255        8.0000        2.8571  4778694   64.29%
Elapsed time = 216.79 sec. (70715.40 ticks, tree = 25.67 MB, solutions = 4)
  75086 36638        4.1297   218        8.0000        2.8734  4833849   64.08%
  76074 37269        3.3023   205        8.0000        2.8830  4908306   63.96%
  76929 37571        7.0000    12        8.0000        2.8946  4949165   63.82%
  77933 38151        4.4305   163        8.0000        2.9068  5018161   63.66%
  78642 38661        3.3697   262        8.0000        2.9166  5095595   63.54%
  79373 39057        3.6357   211        8.0000        2.9244  5155555   63.44%
  80211 39411        4.4286    94        8.0000        2.9329  5205245   63.34%
  81144 39845        3.8194   207        8.0000        2.9437  5265928   63.20%
  82133 40119        4.8802   149        8.0000        2.9533  5312606   63.08%
  83119 40956        6.8182    53        8.0000        2.9688  5417097   62.89%
Elapsed time = 247.84 sec. (80263.03 ticks, tree = 28.55 MB, solutions = 4)
  84060 41336        3.9677   211        8.0000        2.9798  5482653   62.75%
  84875 41351        5.3013   190        8.0000        2.9894  5556100   62.63%
  85604 41243        cutoff              8.0000        3.0000  5628128   62.50%
  86534 41147        cutoff              8.0000        3.0000  5687916   62.50%
  87001 40981        cutoff              8.0000        3.0000  5790848   62.50%
  87787 40889        7.0000    18        8.0000        3.0000  5870004   62.50%
  88664 40821        5.0000    55        8.0000        3.0000  5951575   62.50%
  89498 40877        6.0611   127        8.0000        3.0000  6013543   62.50%
  90333 40997        3.0000   221        8.0000        3.0000  6130659   62.50%
  93361 42372        3.9383   241        8.0000        3.0000  6389150   62.50%
Elapsed time = 282.52 sec. (92678.22 ticks, tree = 31.77 MB, solutions = 4)
  96782 44192        4.6190   149        8.0000        3.0130  6589415   62.34%
 100702 46023        6.1172    94        8.0000        3.0450  6815377   61.94%
 104412 48135        4.4025   232        8.0000        3.0882  7067168   61.40%
 108099 50002        cutoff              8.0000        3.1178  7283020   61.03%
 111832 52144        3.4006   231        8.0000        3.1575  7545753   60.53%
 115532 54278        4.9121   219        8.0000        3.1875  7794788   60.16%
 119170 55961        3.8745   204        8.0000        3.2263  8022281   59.67%
 122827 57710        3.9907   166        8.0000        3.2632  8257152   59.21%
 126582 59729        cutoff              8.0000        3.2946  8523519   58.82%
 130215 61134        cutoff              8.0000        3.3232  8716872   58.46%
Elapsed time = 389.73 sec. (130830.74 ticks, tree = 42.85 MB, solutions = 4)
 133775 62813        cutoff              8.0000        3.3483  8967694   58.15%
 137249 64546        6.0860   163        8.0000        3.3740  9219357   57.83%
 140911 66308        6.4038   108        8.0000        3.4000  9454253   57.50%
 144589 67730        3.6266   223        8.0000        3.4245  9646996   57.19%
 148515 69909        4.9338   122        8.0000        3.4493  9942144   56.88%
 151848 71375        cutoff              8.0000        3.4711 10160333   56.61%
 155463 72733        3.5222   204        8.0000        3.4944 10367949   56.32%
 158942 74219        cutoff              8.0000        3.5141 10620442   56.07%
 162731 75626        cutoff              8.0000        3.5363 10860919   55.80%
 165812 77024        cutoff              8.0000        3.5624 11123497   55.47%
Elapsed time = 508.99 sec. (168987.46 ticks, tree = 56.90 MB, solutions = 4)
 169609 78315        cutoff              8.0000        3.5822 11354545   55.22%
 172555 79630        5.4368   170        8.0000        3.6000 11611699   55.00%
 176279 81004        6.2857   129        8.0000        3.6171 11858351   54.79%
 179625 82241        3.8766   169        8.0000        3.6353 12081627   54.56%
 182939 83273        4.8889   167        8.0000        3.6555 12317543   54.31%
 186498 84471        4.9667   245        8.0000        3.6738 12614732   54.08%
 190018 85813        cutoff              8.0000        3.6958 12902176   53.80%
 193511 86635        4.8076   131        8.0000        3.7151 13090774   53.56%
 196795 87860        cutoff              8.0000        3.7333 13370075   53.33%
 200316 88809        cutoff              8.0000        3.7502 13619604   53.12%
Elapsed time = 620.16 sec. (207145.53 ticks, tree = 63.71 MB, solutions = 4)
 203584 89593        5.3295   100        8.0000        3.7716 13880734   52.85%
 207100 90737        cutoff              8.0000        3.7894 14163852   52.63%
 210372 91707        6.6185    76        8.0000        3.8058 14411450   52.43%
 213560 92642        5.7097   124        8.0000        3.8246 14663091   52.19%
 217205 93569        4.6481   160        8.0000        3.8428 14912210   51.97%
 220712 94444        5.0000   119        8.0000        3.8587 15200478   51.77%
 223620 95348        cutoff              8.0000        3.8762 15418124   51.55%
 227319 96007        4.6442   157        8.0000        3.8902 15678360   51.37%
 230848 97059        5.3834    97        8.0000        3.9092 16000130   51.14%
 233968 97644        4.7353   175        8.0000        3.9261 16220530   50.92%
Elapsed time = 753.42 sec. (245303.36 ticks, tree = 69.23 MB, solutions = 4)
 237400 98320        5.0536   224        8.0000        3.9412 16461821   50.74%
 240799 99105        5.8333   126        8.0000        3.9565 16741519   50.54%
 244220 99808        6.0000   101        8.0000        3.9719 17012569   50.35%

GUB cover cuts applied:  87
Clique cuts applied:  335
Cover cuts applied:  279
Implied bound cuts applied:  14
Flow cuts applied:  100
Mixed integer rounding cuts applied:  141
Zero-half cuts applied:  75
Gomory fractional cuts applied:  25

Root node processing (before b&c):
  Real time             =    0.24 sec. (83.52 ticks)
Parallel b&c, 4 threads:
  Real time             =  797.29 sec. (259065.33 ticks)
  Sync time (average)   =   75.47 sec.
  Wait time (average)   =    0.05 sec.
                          ------------
Total (root+branch&cut) =  797.53 sec. (259148.85 ticks)

Solution pool: 5 solutions saved.

MIP - Aborted, integer feasible:  Objective =  8.0000000000e+00
Current MIP best bound =  3.9876636462e+00 (gap = 4.01234, 50.15%)
Solution time =  797.53 sec.  Iterations = 17253751  Nodes = 246242 (99915)
Deterministic time = 259148.85 ticks  (324.94 ticks/sec)


Problem './TestGraphs/RandomSize10/graph2.lp' read.
Read time = 0.00 sec. (0.03 ticks)
Found incumbent of value 9.000000 after 0.00 sec. (0.03 ticks)
Tried aggregator 2 times.
MIP Presolve eliminated 20 rows and 20 columns.
MIP Presolve modified 250 coefficients.
Aggregator did 20 substitutions.
Reduced MIP has 297 rows, 251 columns, and 745 nonzeros.
Reduced MIP has 230 binaries, 21 generals, 0 SOSs, and 0 indicators.
Presolve time = 0.00 sec. (0.68 ticks)
Probing time = 0.01 sec. (0.80 ticks)
Tried aggregator 1 time.
Reduced MIP has 297 rows, 251 columns, and 745 nonzeros.
Reduced MIP has 230 binaries, 21 generals, 0 SOSs, and 0 indicators.
Presolve time = 0.00 sec. (0.40 ticks)
Probing time = 0.00 sec. (0.80 ticks)
Clique table members: 687.
MIP emphasis: balance optimality and feasibility.
MIP search method: dynamic search.
Parallel mode: deterministic, using up to 4 threads.
Root relaxation solution time = 0.00 sec. (1.18 ticks)

        Nodes                                         Cuts/
   Node  Left     Objective  IInf  Best Integer    Best Bound    ItCnt     Gap

*     0+    0                            9.0000        0.0000           100.00%
      0     0        0.0000    24        9.0000        0.0000       88  100.00%
      0     0        0.0000    80        9.0000     Cuts: 108      181  100.00%
      0     0        0.0000    58        9.0000      Cuts: 19      232  100.00%
      0     0        0.0000    48        9.0000     Cuts: 105      311  100.00%
      0     0        0.0000    42        9.0000      Cuts: 99      393  100.00%
      0     0        0.0000    33        9.0000      Cuts: 52      474  100.00%
      0     0        0.0000   120        9.0000      Cuts: 58      584  100.00%
*     0+    0                            6.0000        0.0000           100.00%
*     0+    0                            5.0000        0.0000           100.00%
      0     2        0.0000    32        5.0000        0.0000      584  100.00%
Elapsed time = 0.17 sec. (55.94 ticks, tree = 0.01 MB, solutions = 3)

Clique cuts applied:  29
Cover cuts applied:  5
Implied bound cuts applied:  118
Mixed integer rounding cuts applied:  1
Zero-half cuts applied:  14
Gomory fractional cuts applied:  1

Root node processing (before b&c):
  Real time             =    0.17 sec. (55.80 ticks)
Parallel b&c, 4 threads:
  Real time             =    0.27 sec. (99.16 ticks)
  Sync time (average)   =    0.06 sec.
  Wait time (average)   =    0.00 sec.
                          ------------
Total (root+branch&cut) =    0.44 sec. (154.96 ticks)

Solution pool: 4 solutions saved.

MIP - Integer optimal solution:  Objective =  5.0000000000e+00
Solution time =    0.44 sec.  Iterations = 18720  Nodes = 984
Deterministic time = 154.96 ticks  (351.13 ticks/sec)


Log started (V12.7.0.0) Wed Feb  8 22:29:24 2017


Problem './TestGraphs/RandomSize13/graph5.lp' read.
Read time = 0.01 sec. (0.05 ticks)
Found incumbent of value 12.000000 after 0.00 sec. (0.04 ticks)
Tried aggregator 2 times.
MIP Presolve eliminated 26 rows and 26 columns.
MIP Presolve modified 442 coefficients.
Aggregator did 26 substitutions.
Reduced MIP has 517 rows, 443 columns, and 1308 nonzeros.
Reduced MIP has 416 binaries, 27 generals, 0 SOSs, and 0 indicators.
Presolve time = 0.00 sec. (1.21 ticks)
Probing time = 0.01 sec. (2.14 ticks)
Tried aggregator 1 time.
Reduced MIP has 517 rows, 443 columns, and 1308 nonzeros.
Reduced MIP has 416 binaries, 27 generals, 0 SOSs, and 0 indicators.
Presolve time = 0.00 sec. (0.74 ticks)
Probing time = 0.01 sec. (2.12 ticks)
Clique table members: 1155.
MIP emphasis: balance optimality and feasibility.
MIP search method: dynamic search.
Parallel mode: deterministic, using up to 4 threads.
Root relaxation solution time = 0.01 sec. (3.59 ticks)

        Nodes                                         Cuts/
   Node  Left     Objective  IInf  Best Integer    Best Bound    ItCnt     Gap

*     0+    0                           12.0000        0.0000           100.00%
      0     0        0.0000    65       12.0000        0.0000      160  100.00%
      0     0        0.0000    58       12.0000     Cuts: 151      275  100.00%
      0     0        0.0000   126       12.0000     Cuts: 154      379  100.00%
      0     0        0.0000   115       12.0000      Cuts: 76      521  100.00%
      0     0        0.0000    89       12.0000     Cuts: 104      591  100.00%
      0     0        0.0000   129       12.0000     Cuts: 100      657  100.00%
*     0+    0                            8.0000        0.0000           100.00%
      0     2        0.0000    28        8.0000        0.0000      657  100.00%
Elapsed time = 0.25 sec. (71.98 ticks, tree = 0.01 MB, solutions = 2)
*   379+  192                            7.0000        0.0000           100.00%
    845   444        0.0000   107        7.0000        0.0000    26444  100.00%
   1617   856        1.0000    63        7.0000        0.0000    50575  100.00%
   2251  1101        5.0000    38        7.0000        1.0000    76302   85.71%
   2362  1272        0.0000   104        7.0000        1.0000    89301   85.71%
   3020   380        0.0000    82        7.0000        1.0000   103210   85.71%
   3418   624        1.0000   176        7.0000        1.0000   126295   85.71%
   3975   997        4.0000    48        7.0000        1.0000   146070   85.71%
   4605  1521        6.0000    53        7.0000        1.0000   171751   85.71%
   5106  1861        1.3468   178        7.0000        1.0000   191578   85.71%
   5738   293        5.0000   121        7.0000        1.0000   231359   85.71%
Elapsed time = 8.45 sec. (3219.02 ticks, tree = 0.28 MB, solutions = 3)
   7548  1586        2.0000   175        7.0000        2.0000   311485   71.43%
   9203  2612        3.1086   192        7.0000        2.0000   389919   71.43%
  10249  3187        cutoff              7.0000        2.0000   477665   71.43%
  11299  3670        cutoff              7.0000        2.0000   550730   71.43%
  12336  3955        cutoff              7.0000        3.0000   647172   57.14%
  13419  4205        4.0000   166        7.0000        3.0000   749724   57.14%
  14423  4420        4.0000   175        7.0000        3.0000   846312   57.14%
  15359  4582    infeasible              7.0000        3.0000   942148   57.14%
  16345  4812        5.0000    38        7.0000        3.0000  1034026   57.14%
  17197  5066        3.1575   190        7.0000        3.0000  1125118   57.14%
Elapsed time = 35.76 sec. (12769.90 ticks, tree = 2.96 MB, solutions = 3)
  18093  5302        5.0000   117        7.0000        3.0000  1212118   57.14%
  18939  5450        cutoff              7.0000        3.0000  1292923   57.14%
  19949  5487        4.2000    72        7.0000        3.1355  1389634   55.21%
  20927  5230    infeasible              7.0000        3.9752  1484785   43.21%
  21878  5003        cutoff              7.0000        4.0000  1583370   42.86%
  22774  4809        6.0000    76        7.0000        4.0000  1707523   42.86%
  23683  4743        6.0000    38        7.0000        4.0000  1782649   42.86%
  24499  4633        5.0000   159        7.0000        4.0000  1879398   42.86%
  25330  4506        5.0000   142        7.0000        4.0000  1975810   42.86%
  26113  4454        cutoff              7.0000        4.0000  2082585   42.86%
Elapsed time = 59.81 sec. (22315.46 ticks, tree = 2.91 MB, solutions = 3)
  26917  4481        cutoff              7.0000        4.0000  2150893   42.86%
  27800  4279        6.0000   123        7.0000        4.0000  2281559   42.86%
  28962  3817        cutoff              7.0000        4.7235  2352865   32.52%
  30104  3495        cutoff              7.0000        4.8805  2405976   30.28%
  31068  2740        cutoff              7.0000        5.0000  2527074   28.57%
  32039  2029        cutoff              7.0000        5.0000  2658071   28.57%
  32955  1733        5.5000    63        7.0000        5.0000  2734820   28.57%
  33901  1410        cutoff              7.0000        5.0000  2821908   28.57%
  35655    66    infeasible              7.0000        6.0000  2966917   14.29%

GUB cover cuts applied:  275
Clique cuts applied:  307
Cover cuts applied:  68
Implied bound cuts applied:  40
Flow cuts applied:  94
Mixed integer rounding cuts applied:  127
Zero-half cuts applied:  70
Lift and project cuts applied:  5
Gomory fractional cuts applied:  15

Root node processing (before b&c):
  Real time             =    0.23 sec. (71.74 ticks)
Parallel b&c, 4 threads:
  Real time             =   79.64 sec. (30867.34 ticks)
  Sync time (average)   =    6.75 sec.
  Wait time (average)   =    0.00 sec.
                          ------------
Total (root+branch&cut) =   79.87 sec. (30939.08 ticks)

Solution pool: 4 solutions saved.

MIP - Integer optimal solution:  Objective =  7.0000000000e+00
Solution time =   79.87 sec.  Iterations = 2972768  Nodes = 35699
Deterministic time = 30939.08 ticks  (387.36 ticks/sec)


Problem './TestGraphs/RandomSize13/graph2.lp' read.
Read time = 0.00 sec. (0.05 ticks)
Found incumbent of value 12.000000 after 0.00 sec. (0.04 ticks)
Tried aggregator 2 times.
MIP Presolve eliminated 26 rows and 26 columns.
MIP Presolve modified 442 coefficients.
Aggregator did 26 substitutions.
Reduced MIP has 513 rows, 443 columns, and 1300 nonzeros.
Reduced MIP has 416 binaries, 27 generals, 0 SOSs, and 0 indicators.
Presolve time = 0.00 sec. (1.20 ticks)
Probing time = 0.01 sec. (2.05 ticks)
Tried aggregator 1 time.
Reduced MIP has 513 rows, 443 columns, and 1300 nonzeros.
Reduced MIP has 416 binaries, 27 generals, 0 SOSs, and 0 indicators.
Presolve time = 0.00 sec. (0.73 ticks)
Probing time = 0.01 sec. (2.04 ticks)
Clique table members: 1151.
MIP emphasis: balance optimality and feasibility.
MIP search method: dynamic search.
Parallel mode: deterministic, using up to 4 threads.
Root relaxation solution time = 0.01 sec. (3.50 ticks)

        Nodes                                         Cuts/
   Node  Left     Objective  IInf  Best Integer    Best Bound    ItCnt     Gap

*     0+    0                           12.0000        0.0000           100.00%
      0     0        0.0000    65       12.0000        0.0000      159  100.00%
      0     0        0.0000    48       12.0000     Cuts: 146      274  100.00%
      0     0        0.0000   122       12.0000     Cuts: 138      374  100.00%
      0     0        0.0000    66       12.0000      Cuts: 45      456  100.00%
      0     0        0.0000    81       12.0000      Cuts: 93      547  100.00%
*     0+    0                            9.0000        0.0000           100.00%
*     0+    0                            7.0000        0.0000           100.00%
      0     2        0.0000    48        7.0000        0.0000      547  100.00%
Elapsed time = 0.20 sec. (64.30 ticks, tree = 0.01 MB, solutions = 3)
*    61+   32                            6.0000        0.0000           100.00%
    736   308        4.0000    80        6.0000        1.0000    27648   83.33%
   1142   287        2.6000    97        6.0000        2.0000    55277   66.67%
   1594   154        4.0000    88        6.0000        4.0000    84654   33.33%

Clique cuts applied:  10
Cover cuts applied:  10
Implied bound cuts applied:  457
Mixed integer rounding cuts applied:  1
Zero-half cuts applied:  18
Gomory fractional cuts applied:  5

Root node processing (before b&c):
  Real time             =    0.19 sec. (64.07 ticks)
Parallel b&c, 4 threads:
  Real time             =    1.81 sec. (760.37 ticks)
  Sync time (average)   =    0.20 sec.
  Wait time (average)   =    0.00 sec.
                          ------------
Total (root+branch&cut) =    2.00 sec. (824.44 ticks)

Solution pool: 5 solutions saved.

MIP - Integer optimal solution:  Objective =  6.0000000000e+00
Solution time =    2.00 sec.  Iterations = 95055  Nodes = 1717
Deterministic time = 824.44 ticks  (412.85 ticks/sec)


Log started (V12.7.0.0) Sun Mar  5 20:05:38 2017


Problem 'test.lp' read.
Read time = 0.02 sec. (0.05 ticks)
Found incumbent of value 12.000000 after 0.01 sec. (0.04 ticks)
Tried aggregator 2 times.
MIP Presolve eliminated 26 rows and 26 columns.
MIP Presolve modified 442 coefficients.
Aggregator did 26 substitutions.
Reduced MIP has 519 rows, 443 columns, and 1312 nonzeros.
Reduced MIP has 416 binaries, 27 generals, 0 SOSs, and 0 indicators.
Presolve time = 0.01 sec. (1.22 ticks)
Probing time = 0.01 sec. (2.19 ticks)
Tried aggregator 1 time.
Reduced MIP has 519 rows, 443 columns, and 1312 nonzeros.
Reduced MIP has 416 binaries, 27 generals, 0 SOSs, and 0 indicators.
Presolve time = 0.00 sec. (0.74 ticks)
Probing time = 0.01 sec. (2.18 ticks)
Clique table members: 1158.
MIP emphasis: balance optimality and feasibility.
MIP search method: dynamic search.
Parallel mode: deterministic, using up to 4 threads.
Root relaxation solution time = 0.01 sec. (3.63 ticks)

        Nodes                                         Cuts/
   Node  Left     Objective  IInf  Best Integer    Best Bound    ItCnt     Gap

*     0+    0                           12.0000        0.0000           100.00%
      0     0        0.0000    65       12.0000        0.0000      161  100.00%
      0     0        0.0000   140       12.0000     Cuts: 167      315  100.00%
*     0+    0                           11.0000        0.0000           100.00%
      0     0        0.0000   120       11.0000      Cuts: 96      416  100.00%
      0     0        0.0000    87       11.0000     Cuts: 100      489  100.00%
      0     0        0.0000    99       11.0000     Cuts: 115      588  100.00%
*     0+    0                            9.0000        0.0000           100.00%
*     0+    0                            8.0000        0.0000           100.00%
      0     2        0.0000    55        8.0000        0.0000      588  100.00%
Elapsed time = 0.20 sec. (90.07 ticks, tree = 0.01 MB, solutions = 4)
*    50    21      integral     0        7.0000        0.0000     1589  100.00%
    752   397        1.0924   156        7.0000        0.0000    24084  100.00%
   1544   864        2.0000   109        7.0000        0.0000    48413  100.00%
   2163  1161        1.0000    93        7.0000        0.0327    75785   99.53%
   2795  1476        2.0000    53        7.0000        1.0000   100775   85.71%
   3160  1591        5.0000    38        7.0000        1.0000   129869   85.71%
   3646  1725        cutoff              7.0000        1.0000   148012   85.71%
   3654  1841        3.2500    43        7.0000        1.0000   154069   85.71%
   4184   241    infeasible              7.0000        1.0000   168880   85.71%
   4787   665        3.0000    92        7.0000        1.0000   192234   85.71%
   6222  1451        3.0000    82        7.0000        1.0000   277533   85.71%
Elapsed time = 7.12 sec. (3195.82 ticks, tree = 0.73 MB, solutions = 5)
   7392  2127        5.0000    54        7.0000        1.0000   361126   85.71%
   8550  2908        2.4227   197        7.0000        1.0206   442689   85.42%
   9777  3497        3.0323   142        7.0000        1.2499   530066   82.14%
  10977  4051        3.3447   114        7.0000        1.4763   627854   78.91%
  12216  4666        cutoff              7.0000        1.6897   702913   75.86%
  13668  5332    infeasible              7.0000        1.8842   796463   73.08%
  14845  5893        3.0641   154        7.0000        2.0000   900787   71.43%
  15954  6289        cutoff              7.0000        2.0000  1004129   71.43%
  17188  6739        4.6467   129        7.0000        2.0281  1084068   71.03%
  18497  7339        4.7057    91        7.0000        2.1227  1188251   69.68%
Elapsed time = 28.85 sec. (12739.29 ticks, tree = 4.10 MB, solutions = 5)
  19827  7755        3.0789   124        7.0000        2.1998  1280353   68.57%
  21040  8203        cutoff              7.0000        2.3076  1379817   67.03%
  22352  8623        2.9416   176        7.0000        2.3838  1479855   65.95%
  23624  9011        4.7242   139        7.0000        2.4709  1585481   64.70%
  24961  9285        3.9490   135        7.0000        2.5492  1660902   63.58%
  26308  9694        cutoff              7.0000        2.6176  1771840   62.61%
  27540  9858        5.6000   104        7.0000        2.7268  1847588   61.05%
  28900 10195        cutoff              7.0000        2.8058  1966603   59.92%
  30036 10337        cutoff              7.0000        2.9061  2070319   58.48%
  30956 10523        3.2083   140        7.0000        3.0000  2176690   57.14%
Elapsed time = 49.61 sec. (22285.16 ticks, tree = 6.25 MB, solutions = 5)
  31980 10594        4.6587   108        7.0000        3.0000  2288126   57.14%
  32886 10644        cutoff              7.0000        3.0000  2394771   57.14%
  33826 10765        3.3520   139        7.0000        3.0000  2464114   57.14%
  34998 10882        4.5211   122        7.0000        3.0000  2597450   57.14%
  36184 10746        cutoff              7.0000        3.0490  2707222   56.44%
  37284 10619        4.8919   127        7.0000        3.1138  2811731   55.52%
  38556 10522        cutoff              7.0000        3.1785  2912407   54.59%
  39776 10391        5.0000    65        7.0000        3.2525  3017453   53.54%
  41011 10188        cutoff              7.0000        3.3268  3107190   52.47%
  42207  9995        cutoff              7.0000        3.4073  3194945   51.32%
Elapsed time = 69.27 sec. (31827.95 ticks, tree = 6.11 MB, solutions = 5)
  43578  9631        5.3333   110        7.0000        3.5075  3302432   49.89%
  44944  9218        4.6800    91        7.0000        3.6000  3422257   48.57%
  46154  8747        cutoff              7.0000        3.7164  3542603   46.91%
  47211  8448        cutoff              7.0000        3.8498  3633232   45.00%
  48315  8062        5.0000    63        7.0000        4.0000  3769738   42.86%
  49335  7744        cutoff              7.0000        4.0000  3900089   42.86%
  50252  7513        4.0000   189        7.0000        4.0000  3997858   42.86%
  51368  7345        4.7312   115        7.0000        4.0000  4111047   42.86%
  52740  6973        cutoff              7.0000        4.0000  4193264   42.86%
  54069  6224        5.9936    76        7.0000        4.0450  4316167   42.21%
Elapsed time = 89.32 sec. (41372.41 ticks, tree = 3.71 MB, solutions = 5)
  55653  5315        cutoff              7.0000        4.1758  4434083   40.35%
  57411  4380        cutoff              7.0000        4.4301  4535485   36.71%
  59178  3258        cutoff              7.0000        4.7037  4633476   32.80%
  60512  2443        cutoff              7.0000        4.8385  4760347   30.88%
  62674   524    infeasible              7.0000        5.7772  4900488   17.47%

GUB cover cuts applied:  79
Clique cuts applied:  257
Cover cuts applied:  98
Implied bound cuts applied:  51
Flow cuts applied:  52
Mixed integer rounding cuts applied:  59
Zero-half cuts applied:  60
Lift and project cuts applied:  4
Gomory fractional cuts applied:  5

Root node processing (before b&c):
  Real time             =    0.20 sec. (89.86 ticks)
Parallel b&c, 4 threads:
  Real time             =   99.84 sec. (46276.21 ticks)
  Sync time (average)   =    3.76 sec.
  Wait time (average)   =    0.03 sec.
                          ------------
Total (root+branch&cut) =  100.04 sec. (46366.07 ticks)

Solution pool: 6 solutions saved.

MIP - Integer optimal solution:  Objective =  7.0000000000e+00
Solution time =  100.05 sec.  Iterations = 4933897  Nodes = 63341
Deterministic time = 46366.07 ticks  (463.42 ticks/sec)


Log started (V12.7.0.0) Mon Mar  6 20:11:29 2017


Problem 'test.lp' read.
Read time = 0.02 sec. (0.02 ticks)
Found incumbent of value 7.000000 after 0.00 sec. (0.02 ticks)
Tried aggregator 2 times.
MIP Presolve eliminated 16 rows and 16 columns.
MIP Presolve modified 152 coefficients.
Aggregator did 16 substitutions.
Reduced MIP has 183 rows, 153 columns, and 455 nonzeros.
Reduced MIP has 136 binaries, 17 generals, 0 SOSs, and 0 indicators.
Presolve time = 0.01 sec. (0.42 ticks)
Probing time = 0.00 sec. (0.34 ticks)
Tried aggregator 1 time.
Reduced MIP has 183 rows, 153 columns, and 455 nonzeros.
Reduced MIP has 136 binaries, 17 generals, 0 SOSs, and 0 indicators.
Presolve time = 0.00 sec. (0.24 ticks)
Probing time = 0.00 sec. (0.34 ticks)
Clique table members: 436.
MIP emphasis: balance optimality and feasibility.
MIP search method: dynamic search.
Parallel mode: deterministic, using up to 4 threads.
Root relaxation solution time = 0.02 sec. (0.61 ticks)

        Nodes                                         Cuts/
   Node  Left     Objective  IInf  Best Integer    Best Bound    ItCnt     Gap

*     0+    0                            7.0000        0.0000           100.00%
      0     0        0.0000    14        7.0000        0.0000       61  100.00%
      0     0        0.0000    72        7.0000      Cuts: 96      149  100.00%
      0     0        0.0000    21        7.0000      Cuts: 31      174  100.00%
      0     0        0.0000    20        7.0000      Cuts: 48      242  100.00%
*     0+    0                            5.0000        0.0000           100.00%
*     0+    0                            4.0000        0.0000           100.00%
      0     2        2.0000    38        4.0000        0.6763      242   83.09%
Elapsed time = 0.11 sec. (22.82 ticks, tree = 0.01 MB, solutions = 3)

Clique cuts applied:  56
Cover cuts applied:  7
Implied bound cuts applied:  27
Zero-half cuts applied:  3
Gomory fractional cuts applied:  3

Root node processing (before b&c):
  Real time             =    0.11 sec. (22.71 ticks)
Parallel b&c, 4 threads:
  Real time             =    0.03 sec. (5.12 ticks)
  Sync time (average)   =    0.02 sec.
  Wait time (average)   =    0.00 sec.
                          ------------
Total (root+branch&cut) =    0.14 sec. (27.84 ticks)

Solution pool: 4 solutions saved.

MIP - Integer optimal solution:  Objective =  4.0000000000e+00
Solution time =    0.15 sec.  Iterations = 720  Nodes = 38
Deterministic time = 27.84 ticks  (188.50 ticks/sec)


Log started (V12.7.0.0) Mon Mar  6 22:10:54 2017


Problem 'test.lp' read.
Read time = 0.00 sec. (0.03 ticks)
Tried aggregator 3 times.
MIP Presolve eliminated 235 rows and 96 columns.
MIP Presolve modified 60 coefficients.
Aggregator did 37 substitutions.
Reduced MIP has 61 rows, 33 columns, and 169 nonzeros.
Reduced MIP has 28 binaries, 5 generals, 0 SOSs, and 0 indicators.
Presolve time = 0.00 sec. (0.54 ticks)
Probing time = 0.00 sec. (0.04 ticks)
Tried aggregator 1 time.
MIP Presolve eliminated 1 rows and 1 columns.
Reduced MIP has 60 rows, 32 columns, and 164 nonzeros.
Reduced MIP has 27 binaries, 5 generals, 0 SOSs, and 0 indicators.
Presolve time = 0.00 sec. (0.09 ticks)
Probing time = 0.00 sec. (0.04 ticks)
Clique table members: 55.
MIP emphasis: balance optimality and feasibility.
MIP search method: dynamic search.
Parallel mode: deterministic, using up to 4 threads.
Root relaxation solution time = 0.00 sec. (0.14 ticks)

        Nodes                                         Cuts/
   Node  Left     Objective  IInf  Best Integer    Best Bound    ItCnt     Gap

      0     0        0.0000    12                      0.0000       15         
      0     0        0.0000    10                    Cuts: 19       23         
      0     0        0.0000    12                    Cuts: 11       36         
      0     0        0.0000    11                     Cuts: 9       40         
      0     0        cutoff                                         40         
Elapsed time = 0.05 sec. (3.77 ticks, tree = 0.01 MB, solutions = 0)

Cover cuts applied:  1
Implied bound cuts applied:  4
Zero-half cuts applied:  4
Lift and project cuts applied:  1

Root node processing (before b&c):
  Real time             =    0.05 sec. (3.77 ticks)
Parallel b&c, 4 threads:
  Real time             =    0.00 sec. (0.00 ticks)
  Sync time (average)   =    0.00 sec.
  Wait time (average)   =    0.00 sec.
                          ------------
Total (root+branch&cut) =    0.05 sec. (3.77 ticks)


MIP - Integer infeasible.
Current MIP best bound is infinite.
Solution time =    0.05 sec.  Iterations = 40  Nodes = 0
Deterministic time = 3.77 ticks  (72.51 ticks/sec)


Log started (V12.7.0.0) Mon Mar  6 23:31:59 2017


Problem 'test.lp' read.
Read time = 0.01 sec. (0.15 ticks)
Tried aggregator 2 times.
MIP Presolve eliminated 589 rows and 192 columns.
MIP Presolve modified 216 coefficients.
Aggregator did 60 substitutions.
Reduced MIP has 800 rows, 373 columns, and 3040 nonzeros.
Reduced MIP has 364 binaries, 9 generals, 0 SOSs, and 0 indicators.
Presolve time = 0.02 sec. (3.18 ticks)
Found incumbent of value 7.000000 after 0.03 sec. (4.38 ticks)
Probing time = 0.02 sec. (4.96 ticks)
Tried aggregator 1 time.
MIP Presolve eliminated 80 rows and 72 columns.
MIP Presolve modified 19 coefficients.
Reduced MIP has 720 rows, 301 columns, and 2640 nonzeros.
Reduced MIP has 292 binaries, 9 generals, 0 SOSs, and 0 indicators.
Presolve time = 0.01 sec. (2.20 ticks)
Probing time = 0.01 sec. (2.43 ticks)
Tried aggregator 1 time.
Reduced MIP has 720 rows, 301 columns, and 2640 nonzeros.
Reduced MIP has 292 binaries, 9 generals, 0 SOSs, and 0 indicators.
Presolve time = 0.00 sec. (1.24 ticks)
Probing time = 0.00 sec. (2.40 ticks)
Clique table members: 1682.
MIP emphasis: balance optimality and feasibility.
MIP search method: dynamic search.
Parallel mode: deterministic, using up to 4 threads.
Root relaxation solution time = 0.01 sec. (6.68 ticks)

        Nodes                                         Cuts/
   Node  Left     Objective  IInf  Best Integer    Best Bound    ItCnt     Gap

*     0+    0                            7.0000        0.0000           100.00%
      0     0        0.0000    64        7.0000        0.0000      164  100.00%
*     0+    0                            5.0000        0.0000           100.00%
      0     2        0.0000    43        5.0000        0.0000      164  100.00%
Elapsed time = 0.21 sec. (74.20 ticks, tree = 0.01 MB, solutions = 2)
*    56    27      integral     0        4.0000        0.0000     3361  100.00%

Implied bound cuts applied:  35

Root node processing (before b&c):
  Real time             =    0.20 sec. (73.91 ticks)
Parallel b&c, 4 threads:
  Real time             =    0.29 sec. (131.80 ticks)
  Sync time (average)   =    0.05 sec.
  Wait time (average)   =    0.00 sec.
                          ------------
Total (root+branch&cut) =    0.50 sec. (205.71 ticks)

Solution pool: 3 solutions saved.

MIP - Integer optimal solution:  Objective =  4.0000000000e+00
Solution time =    0.50 sec.  Iterations = 18614  Nodes = 232
Deterministic time = 205.71 ticks  (412.93 ticks/sec)


Log started (V12.7.0.0) Tue Mar  7 17:00:21 2017


Problem 'test.lp' read.
Read time = 0.02 sec. (0.15 ticks)
Tried aggregator 2 times.
MIP Presolve eliminated 561 rows and 176 columns.
MIP Presolve modified 272 coefficients.
Aggregator did 62 substitutions.
Reduced MIP has 828 rows, 387 columns, and 3180 nonzeros.
Reduced MIP has 378 binaries, 9 generals, 0 SOSs, and 0 indicators.
Presolve time = 0.02 sec. (3.24 ticks)
Found incumbent of value 7.000000 after 0.03 sec. (4.48 ticks)
Probing time = 0.02 sec. (5.35 ticks)
Tried aggregator 1 time.
MIP Presolve eliminated 86 rows and 76 columns.
MIP Presolve modified 41 coefficients.
Reduced MIP has 742 rows, 311 columns, and 2736 nonzeros.
Reduced MIP has 302 binaries, 9 generals, 0 SOSs, and 0 indicators.
Presolve time = 0.01 sec. (3.23 ticks)
Probing time = 0.01 sec. (2.44 ticks)
Tried aggregator 1 time.
Reduced MIP has 742 rows, 311 columns, and 2736 nonzeros.
Reduced MIP has 302 binaries, 9 generals, 0 SOSs, and 0 indicators.
Presolve time = 0.00 sec. (1.30 ticks)
Probing time = 0.01 sec. (2.43 ticks)
Clique table members: 1723.
MIP emphasis: balance optimality and feasibility.
MIP search method: dynamic search.
Parallel mode: deterministic, using up to 4 threads.
Root relaxation solution time = 0.02 sec. (6.01 ticks)

        Nodes                                         Cuts/
   Node  Left     Objective  IInf  Best Integer    Best Bound    ItCnt     Gap

*     0+    0                            7.0000        0.0000           100.00%
*     0+    0                            5.0000        0.0000           100.00%
      0     0        0.0000    63        5.0000        0.0000      161  100.00%
      0     0        0.0000    43        5.0000       Cuts: 9      178  100.00%
      0     0        0.0000    53        5.0000      Cuts: 60      245  100.00%
      0     0        0.0000    42        5.0000       Cuts: 3      252  100.00%
      0     0        0.0000    37        5.0000      Cuts: 37      293  100.00%
      0     0        0.0000    33        5.0000      Cuts: 26      317  100.00%
      0     2        0.0000    33        5.0000        0.0000      317  100.00%
Elapsed time = 0.31 sec. (123.51 ticks, tree = 0.01 MB, solutions = 2)

Implied bound cuts applied:  78
Zero-half cuts applied:  3
Lift and project cuts applied:  1

Root node processing (before b&c):
  Real time             =    0.31 sec. (123.21 ticks)
Parallel b&c, 4 threads:
  Real time             =    0.41 sec. (190.43 ticks)
  Sync time (average)   =    0.08 sec.
  Wait time (average)   =    0.00 sec.
                          ------------
Total (root+branch&cut) =    0.72 sec. (313.64 ticks)

Solution pool: 3 solutions saved.

MIP - Integer optimal solution:  Objective =  4.0000000000e+00
Solution time =    0.73 sec.  Iterations = 24451  Nodes = 257
Deterministic time = 313.64 ticks  (429.91 ticks/sec)


Log started (V12.7.0.0) Tue Mar  7 17:15:48 2017


Problem 'test.lp' read.
Read time = 0.01 sec. (0.15 ticks)
Tried aggregator 2 times.
MIP Presolve eliminated 561 rows and 176 columns.
MIP Presolve modified 230 coefficients.
Aggregator did 62 substitutions.
Reduced MIP has 828 rows, 387 columns, and 3180 nonzeros.
Reduced MIP has 343 binaries, 9 generals, 0 SOSs, and 0 indicators.
Presolve time = 0.01 sec. (3.49 ticks)
Found incumbent of value 7.000000 after 0.01 sec. (4.74 ticks)
Probing time = 0.01 sec. (4.79 ticks)
Tried aggregator 1 time.
MIP Presolve eliminated 80 rows and 71 columns.
MIP Presolve modified 33 coefficients.
Reduced MIP has 748 rows, 316 columns, and 2771 nonzeros.
Reduced MIP has 277 binaries, 9 generals, 0 SOSs, and 0 indicators.
Presolve time = 0.01 sec. (2.29 ticks)
Probing time = 0.00 sec. (2.43 ticks)
Tried aggregator 1 time.
Reduced MIP has 748 rows, 316 columns, and 2771 nonzeros.
Reduced MIP has 277 binaries, 9 generals, 0 SOSs, and 0 indicators.
Presolve time = 0.00 sec. (1.26 ticks)
Probing time = 0.00 sec. (2.41 ticks)
Clique table members: 1757.
MIP emphasis: balance optimality and feasibility.
MIP search method: dynamic search.
Parallel mode: deterministic, using up to 4 threads.
Root relaxation solution time = 0.01 sec. (5.48 ticks)

        Nodes                                         Cuts/
   Node  Left     Objective  IInf  Best Integer    Best Bound    ItCnt     Gap

*     0+    0                            7.0000        0.0000           100.00%
*     0+    0                            5.0000        0.0000           100.00%
      0     0        0.0000    66        5.0000        0.0000      143  100.00%
      0     0        0.0000    48        5.0000      Cuts: 13      166  100.00%
      0     0        0.0000    45        5.0000      Cuts: 48      249  100.00%
      0     0        0.0000    46        5.0000      Cuts: 17      269  100.00%
      0     0        0.0000    44        5.0000      Cuts: 27      290  100.00%
      0     2        0.0000    44        5.0000        0.0000      290  100.00%
Elapsed time = 0.31 sec. (145.16 ticks, tree = 0.01 MB, solutions = 2)
*   134    49      integral     0        4.0000        0.0000     8884  100.00%

Implied bound cuts applied:  85
Zero-half cuts applied:  6

Root node processing (before b&c):
  Real time             =    0.31 sec. (144.85 ticks)
Parallel b&c, 4 threads:
  Real time             =    0.46 sec. (203.55 ticks)
  Sync time (average)   =    0.06 sec.
  Wait time (average)   =    0.00 sec.
                          ------------
Total (root+branch&cut) =    0.77 sec. (348.40 ticks)

Solution pool: 3 solutions saved.

MIP - Integer optimal solution:  Objective =  4.0000000000e+00
Solution time =    0.78 sec.  Iterations = 24494  Nodes = 253
Deterministic time = 348.41 ticks  (449.48 ticks/sec)

