Tuning log:

	CutPasses 3

-------------------------------------------------------------------------------

Optimize a model with 499 rows, 421 columns and 1251 nonzeros
Variable types: 0 continuous, 421 integer (396 binary)
Coefficient statistics:
  Matrix range     [1e+00, 1e+01]
  Objective range  [1e+00, 1e+00]
  Bounds range     [1e+00, 1e+01]
  RHS range        [1e+00, 1e+01]
Found heuristic solution: objective 11
Presolve removed 48 rows and 48 columns
Presolve time: 0.01s
Presolved: 451 rows, 373 columns, 1131 nonzeros
Variable types: 0 continuous, 373 integer (348 binary)

Root relaxation: objective 0.000000e+00, 171 iterations, 0.00 seconds

    Nodes    |    Current Node    |     Objective Bounds      |     Work
 Expl Unexpl |  Obj  Depth IntInf | Incumbent    BestBd   Gap | It/Node Time

     0     0    0.00000    0   23   11.00000    0.00000   100%     -    0s
H    0     0                      10.0000000    0.00000   100%     -    0s
H    0     0                       9.0000000    0.00000   100%     -    0s
     0     0    0.00000    0  122    9.00000    0.00000   100%     -    0s
H    0     0                       8.0000000    0.00000   100%     -    0s
     0     0    0.00000    0  160    8.00000    0.00000   100%     -    0s
     0     0    0.00000    0   46    8.00000    0.00000   100%     -    0s
     0     2    0.00000    0   46    8.00000    0.00000   100%     -    0s
*  185    66              24       7.0000000    0.00000   100%  23.0    0s

Cutting planes:
  Gomory: 5
  Cover: 667
  Implied bound: 16
  Clique: 143
  MIR: 33
  Flow cover: 17
  Inf proof: 2

Explored 4040 nodes (93158 simplex iterations) in 3.21 seconds
Thread count was 4 (of 4 available processors)

Solution count 5: 7 8 9 ... 11
Pool objective bound 7

Optimal solution found (tolerance 1.00e-04)
Best objective 7.000000000000e+00, best bound 7.000000000000e+00, gap 0.0000%

-------------------------------------------------------------------------------

Optimize a model with 499 rows, 421 columns and 1251 nonzeros
Variable types: 0 continuous, 421 integer (396 binary)
Coefficient statistics:
  Matrix range     [1e+00, 1e+01]
  Objective range  [1e+00, 1e+00]
  Bounds range     [1e+00, 1e+01]
  RHS range        [1e+00, 1e+01]
Found heuristic solution: objective 11
Presolve removed 48 rows and 48 columns
Presolve time: 0.01s
Presolved: 451 rows, 373 columns, 1131 nonzeros
Variable types: 0 continuous, 373 integer (348 binary)

Root relaxation: objective 0.000000e+00, 184 iterations, 0.00 seconds

    Nodes    |    Current Node    |     Objective Bounds      |     Work
 Expl Unexpl |  Obj  Depth IntInf | Incumbent    BestBd   Gap | It/Node Time

     0     0    0.00000    0   24   11.00000    0.00000   100%     -    0s
H    0     0                      10.0000000    0.00000   100%     -    0s
     0     0    0.00000    0   24   10.00000    0.00000   100%     -    0s
H    0     0                       9.0000000    0.00000   100%     -    0s
     0     0    0.00000    0  157    9.00000    0.00000   100%     -    0s
     0     0    0.00000    0   30    9.00000    0.00000   100%     -    0s
H    0     0                       8.0000000    0.00000   100%     -    0s
     0     2    0.00000    0   30    8.00000    0.00000   100%     -    0s
*   83    35              29       7.0000000    0.00000   100%  34.5    0s

Explored 1674 nodes (49699 simplex iterations) in 1.44 seconds
Thread count was 4 (of 4 available processors)

Solution count 5: 7 8 9 ... 11
Pool objective bound 7

Optimal solution found (tolerance 1.00e-04)
Best objective 7.000000000000e+00, best bound 7.000000000000e+00, gap 0.0000%

-------------------------------------------------------------------------------

Optimize a model with 499 rows, 421 columns and 1251 nonzeros
Variable types: 0 continuous, 421 integer (396 binary)
Coefficient statistics:
  Matrix range     [1e+00, 1e+01]
  Objective range  [1e+00, 1e+00]
  Bounds range     [1e+00, 1e+01]
  RHS range        [1e+00, 1e+01]
Found heuristic solution: objective 11
Presolve removed 48 rows and 48 columns
Presolve time: 0.00s
Presolved: 451 rows, 373 columns, 1131 nonzeros
Variable types: 0 continuous, 373 integer (348 binary)

Root relaxation: objective 0.000000e+00, 181 iterations, 0.00 seconds

    Nodes    |    Current Node    |     Objective Bounds      |     Work
 Expl Unexpl |  Obj  Depth IntInf | Incumbent    BestBd   Gap | It/Node Time

     0     0    0.00000    0   37   11.00000    0.00000   100%     -    0s
H    0     0                      10.0000000    0.00000   100%     -    0s
     0     0    0.00000    0  125   10.00000    0.00000   100%     -    0s
H    0     0                       9.0000000    0.00000   100%     -    0s
     0     0    0.00000    0  158    9.00000    0.00000   100%     -    0s
     0     0    0.00000    0   48    9.00000    0.00000   100%     -    0s
     0     2    0.00000    0   48    9.00000    0.00000   100%     -    0s
*   79    52              32       8.0000000    0.00000   100%  35.6    0s
*  221    84              25       7.0000000    0.00000   100%  26.4    0s

Explored 3293 nodes (101473 simplex iterations) in 2.42 seconds
Thread count was 4 (of 4 available processors)

Solution count 5: 7 8 9 ... 11
Pool objective bound 7

Optimal solution found (tolerance 1.00e-04)
Best objective 7.000000000000e+00, best bound 7.000000000000e+00, gap 0.0000%

-------------------------------------------------------------------------------

Optimize a model with 463 rows, 421 columns and 1179 nonzeros
Variable types: 0 continuous, 421 integer (396 binary)
Coefficient statistics:
  Matrix range     [1e+00, 1e+01]
  Objective range  [1e+00, 1e+00]
  Bounds range     [1e+00, 1e+01]
  RHS range        [1e+00, 1e+01]
Found heuristic solution: objective 11
Presolve removed 48 rows and 48 columns
Presolve time: 0.00s
Presolved: 415 rows, 373 columns, 1059 nonzeros
Variable types: 0 continuous, 373 integer (348 binary)

Root relaxation: objective 0.000000e+00, 182 iterations, 0.00 seconds

    Nodes    |    Current Node    |     Objective Bounds      |     Work
 Expl Unexpl |  Obj  Depth IntInf | Incumbent    BestBd   Gap | It/Node Time

     0     0    0.00000    0   23   11.00000    0.00000   100%     -    0s
H    0     0                      10.0000000    0.00000   100%     -    0s
     0     0    0.00000    0  128   10.00000    0.00000   100%     -    0s
H    0     0                       9.0000000    0.00000   100%     -    0s
H    0     0                       8.0000000    0.00000   100%     -    0s
     0     0    0.00000    0  159    8.00000    0.00000   100%     -    0s
     0     0    0.00000    0   30    8.00000    0.00000   100%     -    0s
H    0     0                       7.0000000    0.00000   100%     -    0s
H    0     0                       5.0000000    0.00000   100%     -    0s
     0     2    0.00000    0   30    5.00000    0.00000   100%     -    0s
*   68    36              24       4.0000000    0.00000   100%  35.9    0s

Cutting planes:
  Gomory: 4
  Cover: 457
  Implied bound: 38
  Clique: 66
  MIR: 33
  Flow cover: 16
  Inf proof: 2
  Zero half: 5

Explored 2105 nodes (58330 simplex iterations) in 1.31 seconds
Thread count was 4 (of 4 available processors)

Solution count 7: 4 5 7 ... 11
Pool objective bound 4

Optimal solution found (tolerance 1.00e-04)
Best objective 4.000000000000e+00, best bound 4.000000000000e+00, gap 0.0000%

-------------------------------------------------------------------------------

Optimize a model with 463 rows, 421 columns and 1179 nonzeros
Variable types: 0 continuous, 421 integer (396 binary)
Coefficient statistics:
  Matrix range     [1e+00, 1e+01]
  Objective range  [1e+00, 1e+00]
  Bounds range     [1e+00, 1e+01]
  RHS range        [1e+00, 1e+01]
Found heuristic solution: objective 11
Presolve removed 48 rows and 48 columns
Presolve time: 0.00s
Presolved: 415 rows, 373 columns, 1059 nonzeros
Variable types: 0 continuous, 373 integer (348 binary)

Root relaxation: objective 0.000000e+00, 187 iterations, 0.00 seconds

    Nodes    |    Current Node    |     Objective Bounds      |     Work
 Expl Unexpl |  Obj  Depth IntInf | Incumbent    BestBd   Gap | It/Node Time

     0     0    0.00000    0   22   11.00000    0.00000   100%     -    0s
H    0     0                      10.0000000    0.00000   100%     -    0s
H    0     0                       9.0000000    0.00000   100%     -    0s
     0     0    0.00000    0  111    9.00000    0.00000   100%     -    0s
H    0     0                       8.0000000    0.00000   100%     -    0s
H    0     0                       7.0000000    0.00000   100%     -    0s
     0     0    0.00000    0  143    7.00000    0.00000   100%     -    0s
     0     0    0.00000    0   35    7.00000    0.00000   100%     -    0s
H    0     0                       6.0000000    0.00000   100%     -    0s
     0     2    0.00000    0   32    6.00000    0.00000   100%     -    0s
H   73    51                       5.0000000    0.00000   100%  22.2    0s
H  151    42                       4.0000000    0.00000   100%  17.3    0s

Cutting planes:
  Cover: 276
  Implied bound: 12
  Clique: 71
  MIR: 37
  Inf proof: 3
  Zero half: 2

Explored 1154 nodes (28106 simplex iterations) in 0.51 seconds
Thread count was 4 (of 4 available processors)

Solution count 8: 4 5 6 ... 11
Pool objective bound 4

Optimal solution found (tolerance 1.00e-04)
Best objective 4.000000000000e+00, best bound 4.000000000000e+00, gap 0.0000%

-------------------------------------------------------------------------------

Optimize a model with 463 rows, 421 columns and 1179 nonzeros
Variable types: 0 continuous, 421 integer (396 binary)
Coefficient statistics:
  Matrix range     [1e+00, 1e+01]
  Objective range  [1e+00, 1e+00]
  Bounds range     [1e+00, 1e+01]
  RHS range        [1e+00, 1e+01]
Found heuristic solution: objective 11
Presolve removed 48 rows and 48 columns
Presolve time: 0.00s
Presolved: 415 rows, 373 columns, 1059 nonzeros
Variable types: 0 continuous, 373 integer (348 binary)

Root relaxation: objective 0.000000e+00, 174 iterations, 0.00 seconds

    Nodes    |    Current Node    |     Objective Bounds      |     Work
 Expl Unexpl |  Obj  Depth IntInf | Incumbent    BestBd   Gap | It/Node Time

     0     0    0.00000    0   23   11.00000    0.00000   100%     -    0s
H    0     0                      10.0000000    0.00000   100%     -    0s
H    0     0                       9.0000000    0.00000   100%     -    0s
     0     0    0.00000    0  128    9.00000    0.00000   100%     -    0s
H    0     0                       8.0000000    0.00000   100%     -    0s
H    0     0                       7.0000000    0.00000   100%     -    0s
     0     0    0.00000    0  127    7.00000    0.00000   100%     -    0s
H    0     0                       6.0000000    0.00000   100%     -    0s
     0     0    0.00000    0  159    6.00000    0.00000   100%     -    0s
     0     0    0.00000    0  162    6.00000    0.00000   100%     -    0s
     0     0    0.00000    0   72    6.00000    0.00000   100%     -    0s
H    0     0                       5.0000000    0.00000   100%     -    0s
     0     2    0.00000    0   72    5.00000    0.00000   100%     -    0s
*  104    32              13       4.0000000    0.00000   100%  24.2    0s

Cutting planes:
  Gomory: 5
  Cover: 434
  Implied bound: 20
  Clique: 120
  MIR: 70
  StrongCG: 1
  Flow cover: 5
  Inf proof: 6
  Zero half: 3

Explored 1601 nodes (54361 simplex iterations) in 1.47 seconds
Thread count was 4 (of 4 available processors)

Solution count 8: 4 5 6 ... 11
Pool objective bound 4

Optimal solution found (tolerance 1.00e-04)
Best objective 4.000000000000e+00, best bound 4.000000000000e+00, gap 0.0000%

-------------------------------------------------------------------------------

Optimize a model with 481 rows, 421 columns and 1215 nonzeros
Variable types: 0 continuous, 421 integer (396 binary)
Coefficient statistics:
  Matrix range     [1e+00, 1e+01]
  Objective range  [1e+00, 1e+00]
  Bounds range     [1e+00, 1e+01]
  RHS range        [1e+00, 1e+01]
Found heuristic solution: objective 11
Presolve removed 48 rows and 48 columns
Presolve time: 0.00s
Presolved: 433 rows, 373 columns, 1095 nonzeros
Variable types: 0 continuous, 373 integer (348 binary)

Root relaxation: objective 0.000000e+00, 176 iterations, 0.00 seconds

    Nodes    |    Current Node    |     Objective Bounds      |     Work
 Expl Unexpl |  Obj  Depth IntInf | Incumbent    BestBd   Gap | It/Node Time

     0     0    0.00000    0   24   11.00000    0.00000   100%     -    0s
H    0     0                      10.0000000    0.00000   100%     -    0s
H    0     0                       8.0000000    0.00000   100%     -    0s
     0     0    0.00000    0  128    8.00000    0.00000   100%     -    0s
     0     0    0.00000    0  128    8.00000    0.00000   100%     -    0s
     0     0    0.00000    0  155    8.00000    0.00000   100%     -    0s
     0     0    0.00000    0   24    8.00000    0.00000   100%     -    0s
H    0     0                       7.0000000    0.00000   100%     -    0s
     0     2    0.00000    0   24    7.00000    0.00000   100%     -    0s
*   95    56              22       6.0000000    0.00000   100%  30.4    0s
  5329    35 infeasible   42         6.00000    5.00000  16.7%  29.7    5s

Cutting planes:
  Gomory: 3
  Cover: 700
  Implied bound: 28
  Clique: 128
  MIR: 66
  Flow cover: 54
  Inf proof: 10
  Zero half: 5

Explored 5665 nodes (167531 simplex iterations) in 5.14 seconds
Thread count was 4 (of 4 available processors)

Solution count 5: 6 7 8 ... 11
Pool objective bound 6

Optimal solution found (tolerance 1.00e-04)
Best objective 6.000000000000e+00, best bound 6.000000000000e+00, gap 0.0000%

-------------------------------------------------------------------------------

Optimize a model with 481 rows, 421 columns and 1215 nonzeros
Variable types: 0 continuous, 421 integer (396 binary)
Coefficient statistics:
  Matrix range     [1e+00, 1e+01]
  Objective range  [1e+00, 1e+00]
  Bounds range     [1e+00, 1e+01]
  RHS range        [1e+00, 1e+01]
Found heuristic solution: objective 11
Presolve removed 48 rows and 48 columns
Presolve time: 0.00s
Presolved: 433 rows, 373 columns, 1095 nonzeros
Variable types: 0 continuous, 373 integer (348 binary)

Root relaxation: objective 0.000000e+00, 181 iterations, 0.00 seconds

    Nodes    |    Current Node    |     Objective Bounds      |     Work
 Expl Unexpl |  Obj  Depth IntInf | Incumbent    BestBd   Gap | It/Node Time

     0     0    0.00000    0   22   11.00000    0.00000   100%     -    0s
H    0     0                      10.0000000    0.00000   100%     -    0s
     0     0    0.00000    0   35   10.00000    0.00000   100%     -    0s
H    0     0                       9.0000000    0.00000   100%     -    0s
H    0     0                       8.0000000    0.00000   100%     -    0s
     0     0    0.00000    0  154    8.00000    0.00000   100%     -    0s
     0     0    0.00000    0   24    8.00000    0.00000   100%     -    0s
H    0     0                       7.0000000    0.00000   100%     -    0s
     0     2    0.00000    0   22    7.00000    0.00000   100%     -    0s
*  146    75              36       6.0000000    0.00000   100%  24.9    0s

Explored 4082 nodes (164063 simplex iterations) in 3.27 seconds
Thread count was 4 (of 4 available processors)

Solution count 6: 6 7 8 ... 11
Pool objective bound 6

Optimal solution found (tolerance 1.00e-04)
Best objective 6.000000000000e+00, best bound 6.000000000000e+00, gap 0.0000%

-------------------------------------------------------------------------------

Optimize a model with 481 rows, 421 columns and 1215 nonzeros
Variable types: 0 continuous, 421 integer (396 binary)
Coefficient statistics:
  Matrix range     [1e+00, 1e+01]
  Objective range  [1e+00, 1e+00]
  Bounds range     [1e+00, 1e+01]
  RHS range        [1e+00, 1e+01]
Found heuristic solution: objective 11
Presolve removed 48 rows and 48 columns
Presolve time: 0.00s
Presolved: 433 rows, 373 columns, 1095 nonzeros
Variable types: 0 continuous, 373 integer (348 binary)

Root relaxation: objective 0.000000e+00, 185 iterations, 0.00 seconds

    Nodes    |    Current Node    |     Objective Bounds      |     Work
 Expl Unexpl |  Obj  Depth IntInf | Incumbent    BestBd   Gap | It/Node Time

     0     0    0.00000    0   30   11.00000    0.00000   100%     -    0s
H    0     0                      10.0000000    0.00000   100%     -    0s
H    0     0                       9.0000000    0.00000   100%     -    0s
     0     0    0.00000    0  119    9.00000    0.00000   100%     -    0s
H    0     0                       8.0000000    0.00000   100%     -    0s
H    0     0                       7.0000000    0.00000   100%     -    0s
     0     0    0.00000    0  160    7.00000    0.00000   100%     -    0s
     0     0    0.00000    0   27    7.00000    0.00000   100%     -    0s
     0     2    0.00000    0   22    7.00000    0.00000   100%     -    0s
H  200    82                       6.0000000    0.00000   100%  29.5    0s

Explored 2144 nodes (85790 simplex iterations) in 1.90 seconds
Thread count was 4 (of 4 available processors)

Solution count 6: 6 7 8 ... 11
Pool objective bound 6

Optimal solution found (tolerance 1.00e-04)
Best objective 6.000000000000e+00, best bound 6.000000000000e+00, gap 0.0000%

-------------------------------------------------------------------------------

Optimize a model with 445 rows, 421 columns and 1143 nonzeros
Variable types: 0 continuous, 421 integer (396 binary)
Coefficient statistics:
  Matrix range     [1e+00, 1e+01]
  Objective range  [1e+00, 1e+00]
  Bounds range     [1e+00, 1e+01]
  RHS range        [1e+00, 1e+01]
Found heuristic solution: objective 10
Presolve removed 49 rows and 49 columns
Presolve time: 0.00s
Presolved: 396 rows, 372 columns, 1021 nonzeros
Variable types: 0 continuous, 372 integer (348 binary)

Root relaxation: objective 0.000000e+00, 179 iterations, 0.00 seconds

    Nodes    |    Current Node    |     Objective Bounds      |     Work
 Expl Unexpl |  Obj  Depth IntInf | Incumbent    BestBd   Gap | It/Node Time

     0     0    0.00000    0   30   10.00000    0.00000   100%     -    0s
H    0     0                       9.0000000    0.00000   100%     -    0s
H    0     0                       8.0000000    0.00000   100%     -    0s
     0     0    0.00000    0   70    8.00000    0.00000   100%     -    0s
H    0     0                       6.0000000    0.00000   100%     -    0s
H    0     0                       5.0000000    0.00000   100%     -    0s
     0     0    0.00000    0   66    5.00000    0.00000   100%     -    0s
     0     0    0.00000    0  113    5.00000    0.00000   100%     -    0s
     0     0    0.00000    0   34    5.00000    0.00000   100%     -    0s
H    0     0                       4.0000000    0.00000   100%     -    0s
     0     2    0.00000    0   34    4.00000    0.00000   100%     -    0s
*  109    51              19       3.0000000    0.00000   100%  16.0    0s
*  282    46              18       2.0000000    0.00000   100%  15.0    0s

Cutting planes:
  Learned: 4
  Gomory: 1
  Cover: 135
  Implied bound: 4
  Clique: 54
  MIR: 9
  Flow cover: 2
  Inf proof: 1
  Network: 1

Explored 426 nodes (7526 simplex iterations) in 0.16 seconds
Thread count was 4 (of 4 available processors)

Solution count 8: 2 3 4 ... 10
Pool objective bound 2

Optimal solution found (tolerance 1.00e-04)
Best objective 2.000000000000e+00, best bound 2.000000000000e+00, gap 0.0000%

-------------------------------------------------------------------------------

Optimize a model with 445 rows, 421 columns and 1143 nonzeros
Variable types: 0 continuous, 421 integer (396 binary)
Coefficient statistics:
  Matrix range     [1e+00, 1e+01]
  Objective range  [1e+00, 1e+00]
  Bounds range     [1e+00, 1e+01]
  RHS range        [1e+00, 1e+01]
Found heuristic solution: objective 10
Presolve removed 49 rows and 49 columns
Presolve time: 0.00s
Presolved: 396 rows, 372 columns, 1021 nonzeros
Variable types: 0 continuous, 372 integer (348 binary)

Root relaxation: objective 0.000000e+00, 174 iterations, 0.00 seconds

    Nodes    |    Current Node    |     Objective Bounds      |     Work
 Expl Unexpl |  Obj  Depth IntInf | Incumbent    BestBd   Gap | It/Node Time

     0     0    0.00000    0   24   10.00000    0.00000   100%     -    0s
H    0     0                       9.0000000    0.00000   100%     -    0s
H    0     0                       8.0000000    0.00000   100%     -    0s
H    0     0                       7.0000000    0.00000   100%     -    0s
     0     0    0.00000    0   88    7.00000    0.00000   100%     -    0s
H    0     0                       6.0000000    0.00000   100%     -    0s
     0     0    0.00000    0   52    6.00000    0.00000   100%     -    0s
     0     0    0.00000    0   61    6.00000    0.00000   100%     -    0s
H    0     0                       5.0000000    0.00000   100%     -    0s
H    0     0                       3.0000000    0.00000   100%     -    0s
     0     0    0.00000    0   61    3.00000    0.00000   100%     -    0s
     0     0    0.00000    0  114    3.00000    0.00000   100%     -    0s
     0     0    0.00000    0   65    3.00000    0.00000   100%     -    0s
     0     2    0.00000    0   65    3.00000    0.00000   100%     -    0s
H   68    36                       2.0000000    0.00000   100%  26.9    0s

Cutting planes:
  Learned: 4
  Gomory: 4
  Cover: 221
  Implied bound: 20
  Clique: 90
  MIR: 16
  StrongCG: 1
  Flow cover: 7
  Zero half: 4

Explored 407 nodes (12565 simplex iterations) in 0.30 seconds
Thread count was 4 (of 4 available processors)

Solution count 8: 2 3 5 ... 10
Pool objective bound 2

Optimal solution found (tolerance 1.00e-04)
Best objective 2.000000000000e+00, best bound 2.000000000000e+00, gap 0.0000%

-------------------------------------------------------------------------------

Optimize a model with 445 rows, 421 columns and 1143 nonzeros
Variable types: 0 continuous, 421 integer (396 binary)
Coefficient statistics:
  Matrix range     [1e+00, 1e+01]
  Objective range  [1e+00, 1e+00]
  Bounds range     [1e+00, 1e+01]
  RHS range        [1e+00, 1e+01]
Found heuristic solution: objective 10
Presolve removed 49 rows and 49 columns
Presolve time: 0.00s
Presolved: 396 rows, 372 columns, 1021 nonzeros
Variable types: 0 continuous, 372 integer (348 binary)

Root relaxation: objective 0.000000e+00, 179 iterations, 0.00 seconds

    Nodes    |    Current Node    |     Objective Bounds      |     Work
 Expl Unexpl |  Obj  Depth IntInf | Incumbent    BestBd   Gap | It/Node Time

     0     0    0.00000    0   22   10.00000    0.00000   100%     -    0s
H    0     0                       8.0000000    0.00000   100%     -    0s
H    0     0                       6.0000000    0.00000   100%     -    0s
     0     0    0.00000    0  101    6.00000    0.00000   100%     -    0s
H    0     0                       5.0000000    0.00000   100%     -    0s
     0     0    0.00000    0   48    5.00000    0.00000   100%     -    0s
     0     0    0.00000    0   98    5.00000    0.00000   100%     -    0s
     0     0    0.00000    0   78    5.00000    0.00000   100%     -    0s
     0     0    0.00000    0  187    5.00000    0.00000   100%     -    0s
     0     0    0.00000    0   40    5.00000    0.00000   100%     -    0s
H    0     0                       4.0000000    0.00000   100%     -    0s
     0     2    0.00000    0   26    4.00000    0.00000   100%     -    0s
H   30    20                       3.0000000    0.00000   100%  29.8    0s
H  123    25                       2.0000000    0.00000   100%  20.4    0s

Cutting planes:
  Learned: 7
  Gomory: 3
  Cover: 137
  Implied bound: 9
  Clique: 91
  MIR: 26
  Flow cover: 22
  Inf proof: 2
  Zero half: 2

Explored 310 nodes (9752 simplex iterations) in 0.27 seconds
Thread count was 4 (of 4 available processors)

Solution count 7: 2 3 4 ... 10
Pool objective bound 2

Optimal solution found (tolerance 1.00e-04)
Best objective 2.000000000000e+00, best bound 2.000000000000e+00, gap 0.0000%

-------------------------------------------------------------------------------

Optimize a model with 455 rows, 421 columns and 1163 nonzeros
Variable types: 0 continuous, 421 integer (396 binary)
Coefficient statistics:
  Matrix range     [1e+00, 1e+01]
  Objective range  [1e+00, 1e+00]
  Bounds range     [1e+00, 1e+01]
  RHS range        [1e+00, 1e+01]
Found heuristic solution: objective 11
Presolve removed 48 rows and 48 columns
Presolve time: 0.00s
Presolved: 407 rows, 373 columns, 1043 nonzeros
Variable types: 0 continuous, 373 integer (348 binary)

Root relaxation: objective 0.000000e+00, 189 iterations, 0.00 seconds

    Nodes    |    Current Node    |     Objective Bounds      |     Work
 Expl Unexpl |  Obj  Depth IntInf | Incumbent    BestBd   Gap | It/Node Time

     0     0    0.00000    0   26   11.00000    0.00000   100%     -    0s
H    0     0                      10.0000000    0.00000   100%     -    0s
H    0     0                       9.0000000    0.00000   100%     -    0s
     0     0    0.00000    0  109    9.00000    0.00000   100%     -    0s
H    0     0                       8.0000000    0.00000   100%     -    0s
H    0     0                       7.0000000    0.00000   100%     -    0s
     0     0    0.00000    0  158    7.00000    0.00000   100%     -    0s
     0     0    0.00000    0   48    7.00000    0.00000   100%     -    0s
H    0     0                       6.0000000    0.00000   100%     -    0s
H    0     0                       5.0000000    0.00000   100%     -    0s
     0     2    0.00000    0   30    5.00000    0.00000   100%     -    0s
*  173    59              13       4.0000000    0.00000   100%  22.3    0s
* 1547   123              30       3.0000000    2.00000  33.3%  20.8    0s

Cutting planes:
  Cover: 298
  Implied bound: 13
  Clique: 102
  MIR: 46
  StrongCG: 2
  Flow cover: 8
  Inf proof: 1
  Zero half: 1

Explored 1727 nodes (40268 simplex iterations) in 0.87 seconds
Thread count was 4 (of 4 available processors)

Solution count 9: 3 4 5 ... 11
Pool objective bound 3

Optimal solution found (tolerance 1.00e-04)
Best objective 3.000000000000e+00, best bound 3.000000000000e+00, gap 0.0000%

-------------------------------------------------------------------------------

Optimize a model with 455 rows, 421 columns and 1163 nonzeros
Variable types: 0 continuous, 421 integer (396 binary)
Coefficient statistics:
  Matrix range     [1e+00, 1e+01]
  Objective range  [1e+00, 1e+00]
  Bounds range     [1e+00, 1e+01]
  RHS range        [1e+00, 1e+01]
Found heuristic solution: objective 11
Presolve removed 48 rows and 48 columns
Presolve time: 0.00s
Presolved: 407 rows, 373 columns, 1043 nonzeros
Variable types: 0 continuous, 373 integer (348 binary)

Root relaxation: objective 0.000000e+00, 179 iterations, 0.00 seconds

    Nodes    |    Current Node    |     Objective Bounds      |     Work
 Expl Unexpl |  Obj  Depth IntInf | Incumbent    BestBd   Gap | It/Node Time

     0     0    0.00000    0   26   11.00000    0.00000   100%     -    0s
H    0     0                      10.0000000    0.00000   100%     -    0s
H    0     0                       4.0000000    0.00000   100%     -    0s
     0     0    0.00000    0  109    4.00000    0.00000   100%     -    0s
     0     0    0.00000    0  159    4.00000    0.00000   100%     -    0s
     0     0    0.00000    0   50    4.00000    0.00000   100%     -    0s
     0     2    0.00000    0   50    4.00000    0.00000   100%     -    0s
*   67    23              17       3.0000000    0.00000   100%  22.7    0s

Cutting planes:
  Cover: 236
  Implied bound: 17
  Clique: 98
  MIR: 47
  Flow cover: 3
  Zero half: 2

Explored 748 nodes (20421 simplex iterations) in 0.39 seconds
Thread count was 4 (of 4 available processors)

Solution count 4: 3 4 10 11 
Pool objective bound 3

Optimal solution found (tolerance 1.00e-04)
Best objective 3.000000000000e+00, best bound 3.000000000000e+00, gap 0.0000%

-------------------------------------------------------------------------------

Optimize a model with 455 rows, 421 columns and 1163 nonzeros
Variable types: 0 continuous, 421 integer (396 binary)
Coefficient statistics:
  Matrix range     [1e+00, 1e+01]
  Objective range  [1e+00, 1e+00]
  Bounds range     [1e+00, 1e+01]
  RHS range        [1e+00, 1e+01]
Found heuristic solution: objective 11
Presolve removed 48 rows and 48 columns
Presolve time: 0.01s
Presolved: 407 rows, 373 columns, 1043 nonzeros
Variable types: 0 continuous, 373 integer (348 binary)

Root relaxation: objective 0.000000e+00, 188 iterations, 0.00 seconds

    Nodes    |    Current Node    |     Objective Bounds      |     Work
 Expl Unexpl |  Obj  Depth IntInf | Incumbent    BestBd   Gap | It/Node Time

     0     0    0.00000    0   22   11.00000    0.00000   100%     -    0s
H    0     0                      10.0000000    0.00000   100%     -    0s
H    0     0                       6.0000000    0.00000   100%     -    0s
     0     0    0.00000    0  117    6.00000    0.00000   100%     -    0s
     0     0    0.00000    0  159    6.00000    0.00000   100%     -    0s
     0     0    0.00000    0   24    6.00000    0.00000   100%     -    0s
H    0     0                       4.0000000    0.00000   100%     -    0s
     0     2    0.00000    0   24    4.00000    0.00000   100%     -    0s
*  107    48              26       3.0000000    0.00000   100%  19.7    0s

Cutting planes:
  Gomory: 2
  Cover: 220
  Implied bound: 9
  Clique: 87
  MIR: 37
  StrongCG: 1
  Flow cover: 6
  Inf proof: 2
  Zero half: 1

Explored 564 nodes (13552 simplex iterations) in 0.34 seconds
Thread count was 4 (of 4 available processors)

Solution count 5: 3 4 6 ... 11
Pool objective bound 3

Optimal solution found (tolerance 1.00e-04)
Best objective 3.000000000000e+00, best bound 3.000000000000e+00, gap 0.0000%

-------------------------------------------------------------------------------

Optimize a model with 457 rows, 421 columns and 1167 nonzeros
Variable types: 0 continuous, 421 integer (396 binary)
Coefficient statistics:
  Matrix range     [1e+00, 1e+01]
  Objective range  [1e+00, 1e+00]
  Bounds range     [1e+00, 1e+01]
  RHS range        [1e+00, 1e+01]
Found heuristic solution: objective 11
Presolve removed 48 rows and 48 columns
Presolve time: 0.01s
Presolved: 409 rows, 373 columns, 1047 nonzeros
Variable types: 0 continuous, 373 integer (348 binary)

Root relaxation: objective 0.000000e+00, 181 iterations, 0.00 seconds

    Nodes    |    Current Node    |     Objective Bounds      |     Work
 Expl Unexpl |  Obj  Depth IntInf | Incumbent    BestBd   Gap | It/Node Time

     0     0    0.00000    0   28   11.00000    0.00000   100%     -    0s
H    0     0                      10.0000000    0.00000   100%     -    0s
H    0     0                       9.0000000    0.00000   100%     -    0s
     0     0    0.00000    0  111    9.00000    0.00000   100%     -    0s
H    0     0                       8.0000000    0.00000   100%     -    0s
H    0     0                       7.0000000    0.00000   100%     -    0s
     0     0    0.00000    0  152    7.00000    0.00000   100%     -    0s
     0     0    0.00000    0   36    7.00000    0.00000   100%     -    0s
H    0     0                       6.0000000    0.00000   100%     -    0s
H    0     0                       5.0000000    0.00000   100%     -    0s
     0     2    0.00000    0   26    5.00000    0.00000   100%     -    0s
H   65    49                       4.0000000    0.00000   100%  38.5    0s
 18752   640    3.00000   35    8    4.00000    3.00000  25.0%  18.7    5s
 21867   701    3.00000   33   36    4.00000    3.00000  25.0%  18.9   12s
 21888   720    3.00000   30   64    4.00000    3.00000  25.0%  19.0   15s

Cutting planes:
  Gomory: 2
  Cover: 58
  Implied bound: 10
  Clique: 200
  MIR: 1
  Flow cover: 14
  Zero half: 5

Explored 23265 nodes (553289 simplex iterations) in 18.39 seconds
Thread count was 4 (of 4 available processors)

Solution count 8: 4 5 6 ... 11
Pool objective bound 4

Optimal solution found (tolerance 1.00e-04)
Best objective 4.000000000000e+00, best bound 4.000000000000e+00, gap 0.0000%

-------------------------------------------------------------------------------

Optimize a model with 457 rows, 421 columns and 1167 nonzeros
Variable types: 0 continuous, 421 integer (396 binary)
Coefficient statistics:
  Matrix range     [1e+00, 1e+01]
  Objective range  [1e+00, 1e+00]
  Bounds range     [1e+00, 1e+01]
  RHS range        [1e+00, 1e+01]
Found heuristic solution: objective 11
Presolve removed 48 rows and 48 columns
Presolve time: 0.00s
Presolved: 409 rows, 373 columns, 1047 nonzeros
Variable types: 0 continuous, 373 integer (348 binary)

Root relaxation: objective 0.000000e+00, 186 iterations, 0.00 seconds

    Nodes    |    Current Node    |     Objective Bounds      |     Work
 Expl Unexpl |  Obj  Depth IntInf | Incumbent    BestBd   Gap | It/Node Time

     0     0    0.00000    0   26   11.00000    0.00000   100%     -    0s
H    0     0                      10.0000000    0.00000   100%     -    0s
H    0     0                       9.0000000    0.00000   100%     -    0s
     0     0    0.00000    0  117    9.00000    0.00000   100%     -    0s
H    0     0                       8.0000000    0.00000   100%     -    0s
H    0     0                       7.0000000    0.00000   100%     -    0s
     0     0    0.00000    0  146    7.00000    0.00000   100%     -    0s
     0     0    0.00000    0   33    7.00000    0.00000   100%     -    0s
H    0     0                       6.0000000    0.00000   100%     -    0s
     0     2    0.00000    0   33    6.00000    0.00000   100%     -    0s
H   97    66                       4.0000000    0.00000   100%  21.3    0s
 19457   212    3.00000   36   10    4.00000    3.00000  25.0%  17.0    5s
 22861   399    3.00000   39    6    4.00000    3.00000  25.0%  15.8   13s

Cutting planes:
  Cover: 27
  Implied bound: 6
  Clique: 21
  MIR: 1
  Flow cover: 23
  Zero half: 1

Explored 23908 nodes (430593 simplex iterations) in 13.76 seconds
Thread count was 4 (of 4 available processors)

Solution count 7: 4 6 7 ... 11
Pool objective bound 4

Optimal solution found (tolerance 1.00e-04)
Best objective 4.000000000000e+00, best bound 4.000000000000e+00, gap 0.0000%

-------------------------------------------------------------------------------

Optimize a model with 457 rows, 421 columns and 1167 nonzeros
Variable types: 0 continuous, 421 integer (396 binary)
Coefficient statistics:
  Matrix range     [1e+00, 1e+01]
  Objective range  [1e+00, 1e+00]
  Bounds range     [1e+00, 1e+01]
  RHS range        [1e+00, 1e+01]
Found heuristic solution: objective 11
Presolve removed 48 rows and 48 columns
Presolve time: 0.00s
Presolved: 409 rows, 373 columns, 1047 nonzeros
Variable types: 0 continuous, 373 integer (348 binary)

Root relaxation: objective 0.000000e+00, 171 iterations, 0.00 seconds

    Nodes    |    Current Node    |     Objective Bounds      |     Work
 Expl Unexpl |  Obj  Depth IntInf | Incumbent    BestBd   Gap | It/Node Time

     0     0    0.00000    0   26   11.00000    0.00000   100%     -    0s
H    0     0                      10.0000000    0.00000   100%     -    0s
     0     0    0.00000    0  105   10.00000    0.00000   100%     -    0s
H    0     0                       9.0000000    0.00000   100%     -    0s
H    0     0                       8.0000000    0.00000   100%     -    0s
     0     0    0.00000    0  157    8.00000    0.00000   100%     -    0s
     0     0    0.00000    0   30    8.00000    0.00000   100%     -    0s
H    0     0                       6.0000000    0.00000   100%     -    0s
H    0     0                       5.0000000    0.00000   100%     -    0s
     0     2    0.00000    0   26    5.00000    0.00000   100%     -    0s
*   76    44              37       4.0000000    0.00000   100%  20.9    0s
 15146   802    3.00000   35    8    4.00000    3.00000  25.0%  18.9    5s
 23290   716    3.00000   36   30    4.00000    3.00000  25.0%  18.9   14s
 23304   725    3.00000   28  237    4.00000    3.00000  25.0%  18.9   15s
 23727   704    3.00000   34  232    4.00000    3.00000  25.0%  21.3   20s

Cutting planes:
  Gomory: 5
  Cover: 84
  Implied bound: 13
  Clique: 210
  MIR: 1
  Flow cover: 16
  Zero half: 13

Explored 28528 nodes (793309 simplex iterations) in 24.91 seconds
Thread count was 4 (of 4 available processors)

Solution count 7: 4 5 6 ... 11
Pool objective bound 4

Optimal solution found (tolerance 1.00e-04)
Best objective 4.000000000000e+00, best bound 4.000000000000e+00, gap 0.0000%

-------------------------------------------------------------------------------

Optimize a model with 523 rows, 421 columns and 1299 nonzeros
Variable types: 0 continuous, 421 integer (396 binary)
Coefficient statistics:
  Matrix range     [1e+00, 1e+01]
  Objective range  [1e+00, 1e+00]
  Bounds range     [1e+00, 1e+01]
  RHS range        [1e+00, 1e+01]
Found heuristic solution: objective 11
Presolve removed 48 rows and 48 columns
Presolve time: 0.01s
Presolved: 475 rows, 373 columns, 1179 nonzeros
Variable types: 0 continuous, 373 integer (348 binary)

Root relaxation: objective 0.000000e+00, 198 iterations, 0.00 seconds

    Nodes    |    Current Node    |     Objective Bounds      |     Work
 Expl Unexpl |  Obj  Depth IntInf | Incumbent    BestBd   Gap | It/Node Time

     0     0    0.00000    0   24   11.00000    0.00000   100%     -    0s
     0     0    0.00000    0   24   11.00000    0.00000   100%     -    0s
H    0     0                      10.0000000    0.00000   100%     -    0s
     0     0    0.00000    0  155   10.00000    0.00000   100%     -    0s
     0     0    0.00000    0   22   10.00000    0.00000   100%     -    0s
H    0     0                       9.0000000    0.00000   100%     -    0s
     0     2    0.00000    0   22    9.00000    0.00000   100%     -    0s
H   35    28                       8.0000000    0.00000   100%  31.6    0s

Explored 1555 nodes (34515 simplex iterations) in 1.05 seconds
Thread count was 4 (of 4 available processors)

Solution count 4: 8 9 10 11 
Pool objective bound 8

Optimal solution found (tolerance 1.00e-04)
Best objective 8.000000000000e+00, best bound 8.000000000000e+00, gap 0.0000%

-------------------------------------------------------------------------------

Optimize a model with 523 rows, 421 columns and 1299 nonzeros
Variable types: 0 continuous, 421 integer (396 binary)
Coefficient statistics:
  Matrix range     [1e+00, 1e+01]
  Objective range  [1e+00, 1e+00]
  Bounds range     [1e+00, 1e+01]
  RHS range        [1e+00, 1e+01]
Found heuristic solution: objective 11
Presolve removed 48 rows and 48 columns
Presolve time: 0.01s
Presolved: 475 rows, 373 columns, 1179 nonzeros
Variable types: 0 continuous, 373 integer (348 binary)

Root relaxation: objective 0.000000e+00, 184 iterations, 0.00 seconds

    Nodes    |    Current Node    |     Objective Bounds      |     Work
 Expl Unexpl |  Obj  Depth IntInf | Incumbent    BestBd   Gap | It/Node Time

     0     0    0.00000    0   23   11.00000    0.00000   100%     -    0s
H    0     0                      10.0000000    0.00000   100%     -    0s
     0     0    0.00000    0  123   10.00000    0.00000   100%     -    0s
H    0     0                       9.0000000    0.00000   100%     -    0s
     0     0    0.00000    0  121    9.00000    0.00000   100%     -    0s
     0     0    0.00000    0  139    9.00000    0.00000   100%     -    0s
     0     0    0.00000    0   42    9.00000    0.00000   100%     -    0s
H    0     0                       8.0000000    0.00000   100%     -    0s
     0     2    0.00000    0   40    8.00000    0.00000   100%     -    0s

Cutting planes:
  Gomory: 4
  Cover: 617
  Implied bound: 12
  Clique: 133
  MIR: 14
  Flow cover: 7
  Inf proof: 9
  Zero half: 3

Explored 2721 nodes (46717 simplex iterations) in 1.02 seconds
Thread count was 4 (of 4 available processors)

Solution count 4: 8 9 10 11 
Pool objective bound 8

Optimal solution found (tolerance 1.00e-04)
Best objective 8.000000000000e+00, best bound 8.000000000000e+00, gap 0.0000%

-------------------------------------------------------------------------------

Optimize a model with 523 rows, 421 columns and 1299 nonzeros
Variable types: 0 continuous, 421 integer (396 binary)
Coefficient statistics:
  Matrix range     [1e+00, 1e+01]
  Objective range  [1e+00, 1e+00]
  Bounds range     [1e+00, 1e+01]
  RHS range        [1e+00, 1e+01]
Found heuristic solution: objective 11
Presolve removed 48 rows and 48 columns
Presolve time: 0.01s
Presolved: 475 rows, 373 columns, 1179 nonzeros
Variable types: 0 continuous, 373 integer (348 binary)

Root relaxation: objective 0.000000e+00, 184 iterations, 0.00 seconds

    Nodes    |    Current Node    |     Objective Bounds      |     Work
 Expl Unexpl |  Obj  Depth IntInf | Incumbent    BestBd   Gap | It/Node Time

     0     0    0.00000    0   24   11.00000    0.00000   100%     -    0s
     0     0    0.00000    0   24   11.00000    0.00000   100%     -    0s
H    0     0                      10.0000000    0.00000   100%     -    0s
     0     0    0.00000    0  149   10.00000    0.00000   100%     -    0s
     0     0    0.00000    0   44   10.00000    0.00000   100%     -    0s
     0     2    0.00000    0   44   10.00000    0.00000   100%     -    0s
H   52    29                       9.0000000    0.00000   100%  33.1    0s
*   80    32               4       8.0000000    0.00000   100%  25.9    0s

Explored 2355 nodes (50580 simplex iterations) in 1.43 seconds
Thread count was 4 (of 4 available processors)

Solution count 4: 8 9 10 11 
Pool objective bound 8

Optimal solution found (tolerance 1.00e-04)
Best objective 8.000000000000e+00, best bound 8.000000000000e+00, gap 0.0000%

-------------------------------------------------------------------------------

Optimize a model with 531 rows, 421 columns and 1315 nonzeros
Variable types: 0 continuous, 421 integer (396 binary)
Coefficient statistics:
  Matrix range     [1e+00, 1e+01]
  Objective range  [1e+00, 1e+00]
  Bounds range     [1e+00, 1e+01]
  RHS range        [1e+00, 1e+01]
Found heuristic solution: objective 11
Presolve removed 48 rows and 48 columns
Presolve time: 0.01s
Presolved: 483 rows, 373 columns, 1195 nonzeros
Variable types: 0 continuous, 373 integer (348 binary)

Root relaxation: objective 0.000000e+00, 187 iterations, 0.00 seconds

    Nodes    |    Current Node    |     Objective Bounds      |     Work
 Expl Unexpl |  Obj  Depth IntInf | Incumbent    BestBd   Gap | It/Node Time

     0     0    0.00000    0   22   11.00000    0.00000   100%     -    0s
H    0     0                      10.0000000    0.00000   100%     -    0s
     0     0    0.00000    0   94   10.00000    0.00000   100%     -    0s
H    0     0                       9.0000000    0.00000   100%     -    0s
     0     0    0.00000    0  117    9.00000    0.00000   100%     -    0s
     0     0    0.00000    0   22    9.00000    0.00000   100%     -    0s
     0     2    0.00000    0   22    9.00000    0.00000   100%     -    0s

Explored 2251 nodes (43863 simplex iterations) in 1.25 seconds
Thread count was 4 (of 4 available processors)

Solution count 3: 9 10 11 
Pool objective bound 9

Optimal solution found (tolerance 1.00e-04)
Best objective 9.000000000000e+00, best bound 9.000000000000e+00, gap 0.0000%

-------------------------------------------------------------------------------

Optimize a model with 531 rows, 421 columns and 1315 nonzeros
Variable types: 0 continuous, 421 integer (396 binary)
Coefficient statistics:
  Matrix range     [1e+00, 1e+01]
  Objective range  [1e+00, 1e+00]
  Bounds range     [1e+00, 1e+01]
  RHS range        [1e+00, 1e+01]
Found heuristic solution: objective 11
Presolve removed 48 rows and 48 columns
Presolve time: 0.01s
Presolved: 483 rows, 373 columns, 1195 nonzeros
Variable types: 0 continuous, 373 integer (348 binary)

Root relaxation: objective 0.000000e+00, 177 iterations, 0.00 seconds

    Nodes    |    Current Node    |     Objective Bounds      |     Work
 Expl Unexpl |  Obj  Depth IntInf | Incumbent    BestBd   Gap | It/Node Time

     0     0    0.00000    0   22   11.00000    0.00000   100%     -    0s
H    0     0                      10.0000000    0.00000   100%     -    0s
H    0     0                       9.0000000    0.00000   100%     -    0s
     0     0    0.00000    0  106    9.00000    0.00000   100%     -    0s
     0     0    0.00000    0  130    9.00000    0.00000   100%     -    0s
     0     0    0.00000    0   28    9.00000    0.00000   100%     -    0s
     0     2    0.00000    0   28    9.00000    0.00000   100%     -    0s

Explored 1560 nodes (34663 simplex iterations) in 1.07 seconds
Thread count was 4 (of 4 available processors)

Solution count 3: 9 10 11 
Pool objective bound 9

Optimal solution found (tolerance 1.00e-04)
Best objective 9.000000000000e+00, best bound 9.000000000000e+00, gap 0.0000%

-------------------------------------------------------------------------------

Optimize a model with 531 rows, 421 columns and 1315 nonzeros
Variable types: 0 continuous, 421 integer (396 binary)
Coefficient statistics:
  Matrix range     [1e+00, 1e+01]
  Objective range  [1e+00, 1e+00]
  Bounds range     [1e+00, 1e+01]
  RHS range        [1e+00, 1e+01]
Found heuristic solution: objective 11
Presolve removed 48 rows and 48 columns
Presolve time: 0.01s
Presolved: 483 rows, 373 columns, 1195 nonzeros
Variable types: 0 continuous, 373 integer (348 binary)

Root relaxation: objective 0.000000e+00, 182 iterations, 0.00 seconds

    Nodes    |    Current Node    |     Objective Bounds      |     Work
 Expl Unexpl |  Obj  Depth IntInf | Incumbent    BestBd   Gap | It/Node Time

     0     0    0.00000    0   22   11.00000    0.00000   100%     -    0s
H    0     0                      10.0000000    0.00000   100%     -    0s
     0     0    0.00000    0  130   10.00000    0.00000   100%     -    0s
H    0     0                       9.0000000    0.00000   100%     -    0s
     0     0    0.00000    0  120    9.00000    0.00000   100%     -    0s
     0     0    0.00000    0  134    9.00000    0.00000   100%     -    0s
     0     0    0.00000    0   34    9.00000    0.00000   100%     -    0s
     0     2    0.00000    0   32    9.00000    0.00000   100%     -    0s

Explored 2317 nodes (48355 simplex iterations) in 2.63 seconds
Thread count was 4 (of 4 available processors)

Solution count 3: 9 10 11 
Pool objective bound 9

Optimal solution found (tolerance 1.00e-04)
Best objective 9.000000000000e+00, best bound 9.000000000000e+00, gap 0.0000%

-------------------------------------------------------------------------------

Optimize a model with 523 rows, 421 columns and 1299 nonzeros
Variable types: 0 continuous, 421 integer (396 binary)
Coefficient statistics:
  Matrix range     [1e+00, 1e+01]
  Objective range  [1e+00, 1e+00]
  Bounds range     [1e+00, 1e+01]
  RHS range        [1e+00, 1e+01]
Found heuristic solution: objective 11
Presolve removed 48 rows and 48 columns
Presolve time: 0.01s
Presolved: 475 rows, 373 columns, 1179 nonzeros
Variable types: 0 continuous, 373 integer (348 binary)

Root relaxation: objective 0.000000e+00, 180 iterations, 0.00 seconds

    Nodes    |    Current Node    |     Objective Bounds      |     Work
 Expl Unexpl |  Obj  Depth IntInf | Incumbent    BestBd   Gap | It/Node Time

     0     0    0.00000    0   22   11.00000    0.00000   100%     -    0s
     0     0    0.00000    0  118   11.00000    0.00000   100%     -    0s
H    0     0                      10.0000000    0.00000   100%     -    0s
     0     0    0.00000    0  153   10.00000    0.00000   100%     -    0s
     0     0    0.00000    0   46   10.00000    0.00000   100%     -    0s
H    0     0                       9.0000000    0.00000   100%     -    0s
     0     2    0.00000    0   46    9.00000    0.00000   100%     -    0s
*  144    68              20       8.0000000    0.00000   100%  24.4    0s

Cutting planes:
  Gomory: 2
  Cover: 674
  Implied bound: 5
  Clique: 190
  MIR: 5
  Flow cover: 5
  Inf proof: 7
  Zero half: 1

Explored 3305 nodes (53419 simplex iterations) in 1.36 seconds
Thread count was 4 (of 4 available processors)

Solution count 4: 8 9 10 11 
Pool objective bound 8

Optimal solution found (tolerance 1.00e-04)
Best objective 8.000000000000e+00, best bound 8.000000000000e+00, gap 0.0000%

-------------------------------------------------------------------------------

Optimize a model with 523 rows, 421 columns and 1299 nonzeros
Variable types: 0 continuous, 421 integer (396 binary)
Coefficient statistics:
  Matrix range     [1e+00, 1e+01]
  Objective range  [1e+00, 1e+00]
  Bounds range     [1e+00, 1e+01]
  RHS range        [1e+00, 1e+01]
Found heuristic solution: objective 11
Presolve removed 48 rows and 48 columns
Presolve time: 0.01s
Presolved: 475 rows, 373 columns, 1179 nonzeros
Variable types: 0 continuous, 373 integer (348 binary)

Root relaxation: objective 0.000000e+00, 173 iterations, 0.00 seconds

    Nodes    |    Current Node    |     Objective Bounds      |     Work
 Expl Unexpl |  Obj  Depth IntInf | Incumbent    BestBd   Gap | It/Node Time

     0     0    0.00000    0   23   11.00000    0.00000   100%     -    0s
H    0     0                      10.0000000    0.00000   100%     -    0s
H    0     0                       9.0000000    0.00000   100%     -    0s
     0     0    0.00000    0  124    9.00000    0.00000   100%     -    0s
     0     0    0.00000    0  124    9.00000    0.00000   100%     -    0s
     0     0    0.00000    0  154    9.00000    0.00000   100%     -    0s
     0     0    0.00000    0   50    9.00000    0.00000   100%     -    0s
     0     2    0.00000    0   50    9.00000    0.00000   100%     -    0s
*  157    61              25       8.0000000    0.00000   100%  32.5    0s

Cutting planes:
  Gomory: 2
  Cover: 651
  Implied bound: 6
  Clique: 186
  MIR: 13
  Flow cover: 17
  Inf proof: 7

Explored 3137 nodes (60945 simplex iterations) in 1.38 seconds
Thread count was 4 (of 4 available processors)

Solution count 4: 8 9 10 11 
Pool objective bound 8

Optimal solution found (tolerance 1.00e-04)
Best objective 8.000000000000e+00, best bound 8.000000000000e+00, gap 0.0000%

-------------------------------------------------------------------------------

Optimize a model with 523 rows, 421 columns and 1299 nonzeros
Variable types: 0 continuous, 421 integer (396 binary)
Coefficient statistics:
  Matrix range     [1e+00, 1e+01]
  Objective range  [1e+00, 1e+00]
  Bounds range     [1e+00, 1e+01]
  RHS range        [1e+00, 1e+01]
Found heuristic solution: objective 11
Presolve removed 48 rows and 48 columns
Presolve time: 0.01s
Presolved: 475 rows, 373 columns, 1179 nonzeros
Variable types: 0 continuous, 373 integer (348 binary)

Root relaxation: objective 0.000000e+00, 186 iterations, 0.01 seconds

    Nodes    |    Current Node    |     Objective Bounds      |     Work
 Expl Unexpl |  Obj  Depth IntInf | Incumbent    BestBd   Gap | It/Node Time

     0     0    0.00000    0   25   11.00000    0.00000   100%     -    0s
H    0     0                      10.0000000    0.00000   100%     -    0s
     0     0    0.00000    0  104   10.00000    0.00000   100%     -    0s
H    0     0                       9.0000000    0.00000   100%     -    0s
     0     0    0.00000    0  134    9.00000    0.00000   100%     -    0s
     0     0    0.00000    0   28    9.00000    0.00000   100%     -    0s
     0     2    0.00000    0   28    9.00000    0.00000   100%     -    0s
*  131    56              13       8.0000000    0.00000   100%  25.9    0s

Cutting planes:
  Gomory: 1
  Cover: 628
  Implied bound: 6
  Clique: 140
  MIR: 15
  StrongCG: 6
  Flow cover: 12
  Inf proof: 4

Explored 2875 nodes (46671 simplex iterations) in 1.14 seconds
Thread count was 4 (of 4 available processors)

Solution count 4: 8 9 10 11 
Pool objective bound 8

Optimal solution found (tolerance 1.00e-04)
Best objective 8.000000000000e+00, best bound 8.000000000000e+00, gap 0.0000%
